{"/home/jenkler/Desktop/FrontendMentor/linkshare-app/linksharing-MERN-tailwind/server/client/src/main.jsx": {"path":"/home/jenkler/Desktop/FrontendMentor/linkshare-app/linksharing-MERN-tailwind/server/client/src/main.jsx","statementMap":{"0":{"start":{"line":11,"column":15},"end":{"line":24,"column":2}},"1":{"start":{"line":26,"column":0},"end":{"line":30,"column":2}}},"fnMap":{},"branchMap":{},"s":{"0":0,"1":0},"f":{},"b":{}}
,"/home/jenkler/Desktop/FrontendMentor/linkshare-app/linksharing-MERN-tailwind/server/client/src/app/store.js": {"path":"/home/jenkler/Desktop/FrontendMentor/linkshare-app/linksharing-MERN-tailwind/server/client/src/app/store.js","statementMap":{"0":{"start":{"line":4,"column":21},"end":{"line":6,"column":2}}},"fnMap":{},"branchMap":{},"s":{"0":0},"f":{},"b":{}}
,"/home/jenkler/Desktop/FrontendMentor/linkshare-app/linksharing-MERN-tailwind/server/client/src/components/AddLinkPage.jsx": {"path":"/home/jenkler/Desktop/FrontendMentor/linkshare-app/linksharing-MERN-tailwind/server/client/src/components/AddLinkPage.jsx","statementMap":{},"fnMap":{},"branchMap":{},"s":{},"f":{},"b":{}}
,"/home/jenkler/Desktop/FrontendMentor/linkshare-app/linksharing-MERN-tailwind/server/client/src/components/App.jsx": {"path":"/home/jenkler/Desktop/FrontendMentor/linkshare-app/linksharing-MERN-tailwind/server/client/src/components/App.jsx","statementMap":{},"fnMap":{},"branchMap":{},"s":{},"f":{},"b":{}}
,"/home/jenkler/Desktop/FrontendMentor/linkshare-app/linksharing-MERN-tailwind/server/client/src/components/CustomSelect.jsx": {"path":"/home/jenkler/Desktop/FrontendMentor/linkshare-app/linksharing-MERN-tailwind/server/client/src/components/CustomSelect.jsx","statementMap":{"0":{"start":{"line":18,"column":21},"end":{"line":97,"column":1}},"1":{"start":{"line":19,"column":30},"end":{"line":19,"column":45}},"2":{"start":{"line":20,"column":22},"end":{"line":20,"column":34}},"3":{"start":{"line":22,"column":18},"end":{"line":36,"column":3}},"4":{"start":{"line":38,"column":25},"end":{"line":40,"column":3}},"5":{"start":{"line":39,"column":4},"end":{"line":39,"column":23}},"6":{"start":{"line":42,"column":28},"end":{"line":45,"column":3}},"7":{"start":{"line":43,"column":4},"end":{"line":43,"column":76}},"8":{"start":{"line":44,"column":4},"end":{"line":44,"column":21}},"9":{"start":{"line":47,"column":29},"end":{"line":51,"column":3}},"10":{"start":{"line":48,"column":4},"end":{"line":50,"column":5}},"11":{"start":{"line":49,"column":6},"end":{"line":49,"column":23}},"12":{"start":{"line":53,"column":2},"end":{"line":58,"column":9}},"13":{"start":{"line":54,"column":4},"end":{"line":54,"column":63}},"14":{"start":{"line":55,"column":4},"end":{"line":57,"column":6}},"15":{"start":{"line":56,"column":6},"end":{"line":56,"column":68}},"16":{"start":{"line":60,"column":25},"end":{"line":60,"column":76}},"17":{"start":{"line":60,"column":48},"end":{"line":60,"column":75}},"18":{"start":{"line":62,"column":2},"end":{"line":96,"column":4}},"19":{"start":{"line":83,"column":14},"end":{"line":90,"column":19}},"20":{"start":{"line":86,"column":31},"end":{"line":86,"column":56}}},"fnMap":{"0":{"name":"(anonymous_0)","decl":{"start":{"line":18,"column":21},"end":{"line":18,"column":22}},"loc":{"start":{"line":18,"column":56},"end":{"line":97,"column":1}},"line":18},"1":{"name":"(anonymous_1)","decl":{"start":{"line":38,"column":25},"end":{"line":38,"column":26}},"loc":{"start":{"line":38,"column":31},"end":{"line":40,"column":3}},"line":38},"2":{"name":"(anonymous_2)","decl":{"start":{"line":42,"column":28},"end":{"line":42,"column":29}},"loc":{"start":{"line":42,"column":40},"end":{"line":45,"column":3}},"line":42},"3":{"name":"(anonymous_3)","decl":{"start":{"line":47,"column":29},"end":{"line":47,"column":30}},"loc":{"start":{"line":47,"column":40},"end":{"line":51,"column":3}},"line":47},"4":{"name":"(anonymous_4)","decl":{"start":{"line":53,"column":12},"end":{"line":53,"column":13}},"loc":{"start":{"line":53,"column":18},"end":{"line":58,"column":3}},"line":53},"5":{"name":"(anonymous_5)","decl":{"start":{"line":55,"column":11},"end":{"line":55,"column":12}},"loc":{"start":{"line":55,"column":17},"end":{"line":57,"column":5}},"line":55},"6":{"name":"(anonymous_6)","decl":{"start":{"line":60,"column":38},"end":{"line":60,"column":39}},"loc":{"start":{"line":60,"column":48},"end":{"line":60,"column":75}},"line":60},"7":{"name":"(anonymous_7)","decl":{"start":{"line":82,"column":25},"end":{"line":82,"column":26}},"loc":{"start":{"line":83,"column":14},"end":{"line":90,"column":19}},"line":83},"8":{"name":"(anonymous_8)","decl":{"start":{"line":86,"column":25},"end":{"line":86,"column":26}},"loc":{"start":{"line":86,"column":31},"end":{"line":86,"column":56}},"line":86}},"branchMap":{"0":{"loc":{"start":{"line":48,"column":4},"end":{"line":50,"column":5}},"type":"if","locations":[{"start":{"line":48,"column":4},"end":{"line":50,"column":5}},{"start":{},"end":{}}],"line":48},"1":{"loc":{"start":{"line":48,"column":8},"end":{"line":48,"column":74}},"type":"binary-expr","locations":[{"start":{"line":48,"column":8},"end":{"line":48,"column":27}},{"start":{"line":48,"column":31},"end":{"line":48,"column":74}}],"line":48},"2":{"loc":{"start":{"line":71,"column":13},"end":{"line":71,"column":126}},"type":"binary-expr","locations":[{"start":{"line":71,"column":13},"end":{"line":71,"column":27}},{"start":{"line":71,"column":31},"end":{"line":71,"column":126}}],"line":71},"3":{"loc":{"start":{"line":72,"column":13},"end":{"line":72,"column":71}},"type":"cond-expr","locations":[{"start":{"line":72,"column":30},"end":{"line":72,"column":50}},{"start":{"line":72,"column":53},"end":{"line":72,"column":71}}],"line":72},"4":{"loc":{"start":{"line":75,"column":17},"end":{"line":75,"column":47}},"type":"cond-expr","locations":[{"start":{"line":75,"column":26},"end":{"line":75,"column":34}},{"start":{"line":75,"column":37},"end":{"line":75,"column":47}}],"line":75},"5":{"loc":{"start":{"line":80,"column":9},"end":{"line":93,"column":9}},"type":"binary-expr","locations":[{"start":{"line":80,"column":9},"end":{"line":80,"column":15}},{"start":{"line":81,"column":10},"end":{"line":92,"column":15}}],"line":80}},"s":{"0":0,"1":0,"2":0,"3":0,"4":0,"5":0,"6":0,"7":0,"8":0,"9":0,"10":0,"11":0,"12":0,"13":0,"14":0,"15":0,"16":0,"17":0,"18":0,"19":0,"20":0},"f":{"0":0,"1":0,"2":0,"3":0,"4":0,"5":0,"6":0,"7":0,"8":0},"b":{"0":[0,0],"1":[0,0],"2":[0,0],"3":[0,0],"4":[0,0],"5":[0,0]}}
,"/home/jenkler/Desktop/FrontendMentor/linkshare-app/linksharing-MERN-tailwind/server/client/src/components/Login.jsx": {"path":"/home/jenkler/Desktop/FrontendMentor/linkshare-app/linksharing-MERN-tailwind/server/client/src/components/Login.jsx","statementMap":{"0":{"start":{"line":10,"column":25},"end":{"line":17,"column":2}},"1":{"start":{"line":19,"column":14},"end":{"line":96,"column":1}},"2":{"start":{"line":20,"column":19},"end":{"line":20,"column":32}},"3":{"start":{"line":22,"column":2},"end":{"line":95,"column":4}},"4":{"start":{"line":29,"column":10},"end":{"line":29,"column":82}},"5":{"start":{"line":33,"column":10},"end":{"line":91,"column":17}}},"fnMap":{"0":{"name":"(anonymous_0)","decl":{"start":{"line":19,"column":14},"end":{"line":19,"column":15}},"loc":{"start":{"line":19,"column":20},"end":{"line":96,"column":1}},"line":19},"1":{"name":"(anonymous_1)","decl":{"start":{"line":28,"column":18},"end":{"line":28,"column":19}},"loc":{"start":{"line":28,"column":30},"end":{"line":30,"column":9}},"line":28},"2":{"name":"(anonymous_2)","decl":{"start":{"line":32,"column":9},"end":{"line":32,"column":10}},"loc":{"start":{"line":33,"column":10},"end":{"line":91,"column":17}},"line":33}},"branchMap":{"0":{"loc":{"start":{"line":47,"column":29},"end":{"line":47,"column":87}},"type":"cond-expr","locations":[{"start":{"line":47,"column":61},"end":{"line":47,"column":63}},{"start":{"line":47,"column":66},"end":{"line":47,"column":87}}],"line":47},"1":{"loc":{"start":{"line":47,"column":29},"end":{"line":47,"column":58}},"type":"binary-expr","locations":[{"start":{"line":47,"column":29},"end":{"line":47,"column":42}},{"start":{"line":47,"column":46},"end":{"line":47,"column":58}}],"line":47},"2":{"loc":{"start":{"line":48,"column":27},"end":{"line":48,"column":77}},"type":"cond-expr","locations":[{"start":{"line":48,"column":59},"end":{"line":48,"column":72}},{"start":{"line":48,"column":75},"end":{"line":48,"column":77}}],"line":48},"3":{"loc":{"start":{"line":48,"column":27},"end":{"line":48,"column":56}},"type":"binary-expr","locations":[{"start":{"line":48,"column":27},"end":{"line":48,"column":40}},{"start":{"line":48,"column":44},"end":{"line":48,"column":56}}],"line":48},"4":{"loc":{"start":{"line":70,"column":29},"end":{"line":70,"column":93}},"type":"cond-expr","locations":[{"start":{"line":70,"column":67},"end":{"line":70,"column":69}},{"start":{"line":70,"column":72},"end":{"line":70,"column":93}}],"line":70},"5":{"loc":{"start":{"line":70,"column":29},"end":{"line":70,"column":64}},"type":"binary-expr","locations":[{"start":{"line":70,"column":29},"end":{"line":70,"column":45}},{"start":{"line":70,"column":49},"end":{"line":70,"column":64}}],"line":70},"6":{"loc":{"start":{"line":71,"column":27},"end":{"line":71,"column":83}},"type":"cond-expr","locations":[{"start":{"line":71,"column":65},"end":{"line":71,"column":78}},{"start":{"line":71,"column":81},"end":{"line":71,"column":83}}],"line":71},"7":{"loc":{"start":{"line":71,"column":27},"end":{"line":71,"column":62}},"type":"binary-expr","locations":[{"start":{"line":71,"column":27},"end":{"line":71,"column":43}},{"start":{"line":71,"column":47},"end":{"line":71,"column":62}}],"line":71},"8":{"loc":{"start":{"line":85,"column":15},"end":{"line":85,"column":55}},"type":"cond-expr","locations":[{"start":{"line":85,"column":30},"end":{"line":85,"column":45}},{"start":{"line":85,"column":48},"end":{"line":85,"column":55}}],"line":85}},"s":{"0":0,"1":0,"2":0,"3":0,"4":0,"5":0},"f":{"0":0,"1":0,"2":0},"b":{"0":[0,0],"1":[0,0],"2":[0,0],"3":[0,0],"4":[0,0],"5":[0,0],"6":[0,0],"7":[0,0],"8":[0,0]}}
,"/home/jenkler/Desktop/FrontendMentor/linkshare-app/linksharing-MERN-tailwind/server/client/src/components/Nav.jsx": {"path":"/home/jenkler/Desktop/FrontendMentor/linkshare-app/linksharing-MERN-tailwind/server/client/src/components/Nav.jsx","statementMap":{"0":{"start":{"line":17,"column":2},"end":{"line":32,"column":3}},"1":{"start":{"line":21,"column":29},"end":{"line":21,"column":55}}},"fnMap":{"0":{"name":"Nav","decl":{"start":{"line":16,"column":9},"end":{"line":16,"column":12}},"loc":{"start":{"line":16,"column":42},"end":{"line":33,"column":1}},"line":16},"1":{"name":"(anonymous_1)","decl":{"start":{"line":21,"column":22},"end":{"line":21,"column":23}},"loc":{"start":{"line":21,"column":29},"end":{"line":21,"column":55}},"line":21}},"branchMap":{"0":{"loc":{"start":{"line":22,"column":13},"end":{"line":22,"column":171}},"type":"cond-expr","locations":[{"start":{"line":22,"column":36},"end":{"line":22,"column":99}},{"start":{"line":22,"column":102},"end":{"line":22,"column":171}}],"line":22},"1":{"loc":{"start":{"line":23,"column":13},"end":{"line":23,"column":203}},"type":"cond-expr","locations":[{"start":{"line":23,"column":36},"end":{"line":23,"column":115}},{"start":{"line":23,"column":118},"end":{"line":23,"column":203}}],"line":23},"2":{"loc":{"start":{"line":24,"column":13},"end":{"line":24,"column":181}},"type":"cond-expr","locations":[{"start":{"line":24,"column":36},"end":{"line":24,"column":110}},{"start":{"line":24,"column":113},"end":{"line":24,"column":181}}],"line":24},"3":{"loc":{"start":{"line":25,"column":13},"end":{"line":25,"column":215}},"type":"cond-expr","locations":[{"start":{"line":25,"column":36},"end":{"line":25,"column":127}},{"start":{"line":25,"column":130},"end":{"line":25,"column":215}}],"line":25}},"s":{"0":0,"1":0},"f":{"0":0,"1":0},"b":{"0":[0,0],"1":[0,0],"2":[0,0],"3":[0,0]}}
,"/home/jenkler/Desktop/FrontendMentor/linkshare-app/linksharing-MERN-tailwind/server/client/src/components/Preview.jsx": {"path":"/home/jenkler/Desktop/FrontendMentor/linkshare-app/linksharing-MERN-tailwind/server/client/src/components/Preview.jsx","statementMap":{},"fnMap":{},"branchMap":{},"s":{},"f":{},"b":{}}
,"/home/jenkler/Desktop/FrontendMentor/linkshare-app/linksharing-MERN-tailwind/server/client/src/components/ProfilePage.jsx": {"path":"/home/jenkler/Desktop/FrontendMentor/linkshare-app/linksharing-MERN-tailwind/server/client/src/components/ProfilePage.jsx","statementMap":{},"fnMap":{},"branchMap":{},"s":{},"f":{},"b":{}}
,"/home/jenkler/Desktop/FrontendMentor/linkshare-app/linksharing-MERN-tailwind/server/client/src/components/Register.jsx": {"path":"/home/jenkler/Desktop/FrontendMentor/linkshare-app/linksharing-MERN-tailwind/server/client/src/components/Register.jsx","statementMap":{"0":{"start":{"line":11,"column":25},"end":{"line":26,"column":2}},"1":{"start":{"line":28,"column":17},"end":{"line":151,"column":1}},"2":{"start":{"line":29,"column":19},"end":{"line":29,"column":32}},"3":{"start":{"line":30,"column":19},"end":{"line":30,"column":32}},"4":{"start":{"line":32,"column":2},"end":{"line":150,"column":4}},"5":{"start":{"line":39,"column":31},"end":{"line":44,"column":13}},"6":{"start":{"line":46,"column":10},"end":{"line":53,"column":11}},"7":{"start":{"line":47,"column":12},"end":{"line":49,"column":13}},"8":{"start":{"line":48,"column":14},"end":{"line":48,"column":60}},"9":{"start":{"line":51,"column":12},"end":{"line":51,"column":24}},"10":{"start":{"line":52,"column":12},"end":{"line":52,"column":31}},"11":{"start":{"line":57,"column":10},"end":{"line":146,"column":17}}},"fnMap":{"0":{"name":"(anonymous_0)","decl":{"start":{"line":28,"column":17},"end":{"line":28,"column":18}},"loc":{"start":{"line":28,"column":23},"end":{"line":151,"column":1}},"line":28},"1":{"name":"(anonymous_1)","decl":{"start":{"line":38,"column":18},"end":{"line":38,"column":19}},"loc":{"start":{"line":38,"column":66},"end":{"line":54,"column":9}},"line":38},"2":{"name":"(anonymous_2)","decl":{"start":{"line":56,"column":9},"end":{"line":56,"column":10}},"loc":{"start":{"line":57,"column":10},"end":{"line":146,"column":17}},"line":57}},"branchMap":{"0":{"loc":{"start":{"line":46,"column":10},"end":{"line":53,"column":11}},"type":"if","locations":[{"start":{"line":46,"column":10},"end":{"line":53,"column":11}},{"start":{"line":50,"column":17},"end":{"line":53,"column":11}}],"line":46},"1":{"loc":{"start":{"line":47,"column":12},"end":{"line":49,"column":13}},"type":"if","locations":[{"start":{"line":47,"column":12},"end":{"line":49,"column":13}},{"start":{},"end":{}}],"line":47},"2":{"loc":{"start":{"line":72,"column":29},"end":{"line":72,"column":87}},"type":"cond-expr","locations":[{"start":{"line":72,"column":61},"end":{"line":72,"column":63}},{"start":{"line":72,"column":66},"end":{"line":72,"column":87}}],"line":72},"3":{"loc":{"start":{"line":72,"column":29},"end":{"line":72,"column":58}},"type":"binary-expr","locations":[{"start":{"line":72,"column":29},"end":{"line":72,"column":42}},{"start":{"line":72,"column":46},"end":{"line":72,"column":58}}],"line":72},"4":{"loc":{"start":{"line":73,"column":27},"end":{"line":73,"column":77}},"type":"cond-expr","locations":[{"start":{"line":73,"column":59},"end":{"line":73,"column":72}},{"start":{"line":73,"column":75},"end":{"line":73,"column":77}}],"line":73},"5":{"loc":{"start":{"line":73,"column":27},"end":{"line":73,"column":56}},"type":"binary-expr","locations":[{"start":{"line":73,"column":27},"end":{"line":73,"column":40}},{"start":{"line":73,"column":44},"end":{"line":73,"column":56}}],"line":73},"6":{"loc":{"start":{"line":97,"column":29},"end":{"line":97,"column":95}},"type":"cond-expr","locations":[{"start":{"line":97,"column":67},"end":{"line":97,"column":69}},{"start":{"line":97,"column":72},"end":{"line":97,"column":95}}],"line":97},"7":{"loc":{"start":{"line":97,"column":29},"end":{"line":97,"column":64}},"type":"binary-expr","locations":[{"start":{"line":97,"column":29},"end":{"line":97,"column":45}},{"start":{"line":97,"column":49},"end":{"line":97,"column":64}}],"line":97},"8":{"loc":{"start":{"line":98,"column":27},"end":{"line":98,"column":83}},"type":"cond-expr","locations":[{"start":{"line":98,"column":65},"end":{"line":98,"column":78}},{"start":{"line":98,"column":81},"end":{"line":98,"column":83}}],"line":98},"9":{"loc":{"start":{"line":98,"column":27},"end":{"line":98,"column":62}},"type":"binary-expr","locations":[{"start":{"line":98,"column":27},"end":{"line":98,"column":43}},{"start":{"line":98,"column":47},"end":{"line":98,"column":62}}],"line":98},"10":{"loc":{"start":{"line":122,"column":29},"end":{"line":122,"column":107}},"type":"cond-expr","locations":[{"start":{"line":122,"column":81},"end":{"line":122,"column":83}},{"start":{"line":122,"column":86},"end":{"line":122,"column":107}}],"line":122},"11":{"loc":{"start":{"line":122,"column":29},"end":{"line":122,"column":78}},"type":"binary-expr","locations":[{"start":{"line":122,"column":29},"end":{"line":122,"column":52}},{"start":{"line":122,"column":56},"end":{"line":122,"column":78}}],"line":122},"12":{"loc":{"start":{"line":123,"column":27},"end":{"line":123,"column":97}},"type":"cond-expr","locations":[{"start":{"line":123,"column":79},"end":{"line":123,"column":92}},{"start":{"line":123,"column":95},"end":{"line":123,"column":97}}],"line":123},"13":{"loc":{"start":{"line":123,"column":27},"end":{"line":123,"column":76}},"type":"binary-expr","locations":[{"start":{"line":123,"column":27},"end":{"line":123,"column":50}},{"start":{"line":123,"column":54},"end":{"line":123,"column":76}}],"line":123}},"s":{"0":1,"1":1,"2":2,"3":2,"4":2,"5":1,"6":1,"7":0,"8":0,"9":0,"10":0,"11":8},"f":{"0":2,"1":1,"2":8},"b":{"0":[0,0],"1":[0,0],"2":[0,8],"3":[8,3],"4":[0,8],"5":[8,3],"6":[0,8],"7":[8,3],"8":[0,8],"9":[8,3],"10":[0,8],"11":[8,3],"12":[0,8],"13":[8,3]},"_coverageSchema":"1a1c01bbd47fc00a2c39e90264f33305004495a9","hash":"1e83da764ca88bad126738a41719adf2c51d8e67"}
,"/home/jenkler/Desktop/FrontendMentor/linkshare-app/linksharing-MERN-tailwind/server/client/src/components/ViewUser.jsx": {"path":"/home/jenkler/Desktop/FrontendMentor/linkshare-app/linksharing-MERN-tailwind/server/client/src/components/ViewUser.jsx","statementMap":{},"fnMap":{},"branchMap":{},"s":{},"f":{},"b":{}}
,"/home/jenkler/Desktop/FrontendMentor/linkshare-app/linksharing-MERN-tailwind/server/client/src/features/rootReducer.js": {"path":"/home/jenkler/Desktop/FrontendMentor/linkshare-app/linksharing-MERN-tailwind/server/client/src/features/rootReducer.js","statementMap":{"0":{"start":{"line":5,"column":20},"end":{"line":8,"column":4}}},"fnMap":{},"branchMap":{},"s":{"0":0},"f":{},"b":{}}
,"/home/jenkler/Desktop/FrontendMentor/linkshare-app/linksharing-MERN-tailwind/server/client/src/features/links/linksSlice.js": {"path":"/home/jenkler/Desktop/FrontendMentor/linkshare-app/linksharing-MERN-tailwind/server/client/src/features/links/linksSlice.js","statementMap":{"0":{"start":{"line":3,"column":30},"end":{"line":18,"column":1}},"1":{"start":{"line":6,"column":8},"end":{"line":16,"column":9}},"2":{"start":{"line":7,"column":29},"end":{"line":7,"column":116}},"3":{"start":{"line":8,"column":12},"end":{"line":11,"column":13}},"4":{"start":{"line":9,"column":34},"end":{"line":9,"column":55}},"5":{"start":{"line":10,"column":16},"end":{"line":10,"column":87}},"6":{"start":{"line":12,"column":25},"end":{"line":12,"column":46}},"7":{"start":{"line":13,"column":12},"end":{"line":13,"column":24}},"8":{"start":{"line":15,"column":12},"end":{"line":15,"column":24}},"9":{"start":{"line":20,"column":26},"end":{"line":41,"column":1}},"10":{"start":{"line":23,"column":22},"end":{"line":23,"column":51}},"11":{"start":{"line":24,"column":25},"end":{"line":28,"column":10}},"12":{"start":{"line":29,"column":8},"end":{"line":35,"column":9}},"13":{"start":{"line":30,"column":12},"end":{"line":32,"column":13}},"14":{"start":{"line":31,"column":16},"end":{"line":31,"column":49}},"15":{"start":{"line":33,"column":30},"end":{"line":33,"column":51}},"16":{"start":{"line":34,"column":12},"end":{"line":34,"column":74}},"17":{"start":{"line":37,"column":21},"end":{"line":37,"column":42}},"18":{"start":{"line":38,"column":8},"end":{"line":38,"column":55}},"19":{"start":{"line":39,"column":8},"end":{"line":39,"column":26}},"20":{"start":{"line":43,"column":24},"end":{"line":72,"column":1}},"21":{"start":{"line":46,"column":8},"end":{"line":70,"column":9}},"22":{"start":{"line":47,"column":12},"end":{"line":47,"column":47}},"23":{"start":{"line":48,"column":26},"end":{"line":48,"column":55}},"24":{"start":{"line":49,"column":29},"end":{"line":56,"column":14}},"25":{"start":{"line":57,"column":12},"end":{"line":63,"column":13}},"26":{"start":{"line":58,"column":16},"end":{"line":60,"column":17}},"27":{"start":{"line":59,"column":20},"end":{"line":59,"column":53}},"28":{"start":{"line":61,"column":34},"end":{"line":61,"column":55}},"29":{"start":{"line":62,"column":16},"end":{"line":62,"column":75}},"30":{"start":{"line":64,"column":33},"end":{"line":64,"column":54}},"31":{"start":{"line":65,"column":12},"end":{"line":65,"column":49}},"32":{"start":{"line":66,"column":12},"end":{"line":66,"column":32}},"33":{"start":{"line":68,"column":12},"end":{"line":68,"column":62}},"34":{"start":{"line":69,"column":12},"end":{"line":69,"column":24}},"35":{"start":{"line":74,"column":21},"end":{"line":78,"column":1}},"36":{"start":{"line":80,"column":26},"end":{"line":96,"column":2}},"37":{"start":{"line":85,"column":12},"end":{"line":85,"column":33}},"38":{"start":{"line":86,"column":12},"end":{"line":86,"column":31}},"39":{"start":{"line":89,"column":12},"end":{"line":89,"column":34}},"40":{"start":{"line":92,"column":12},"end":{"line":92,"column":34}},"41":{"start":{"line":93,"column":12},"end":{"line":93,"column":41}},"42":{"start":{"line":98,"column":67},"end":{"line":98,"column":85}}},"fnMap":{"0":{"name":"(anonymous_0)","decl":{"start":{"line":5,"column":4},"end":{"line":5,"column":5}},"loc":{"start":{"line":5,"column":31},"end":{"line":17,"column":5}},"line":5},"1":{"name":"(anonymous_1)","decl":{"start":{"line":22,"column":4},"end":{"line":22,"column":5}},"loc":{"start":{"line":22,"column":27},"end":{"line":40,"column":5}},"line":22},"2":{"name":"(anonymous_2)","decl":{"start":{"line":45,"column":4},"end":{"line":45,"column":5}},"loc":{"start":{"line":45,"column":34},"end":{"line":71,"column":5}},"line":45},"3":{"name":"(anonymous_3)","decl":{"start":{"line":84,"column":8},"end":{"line":84,"column":9}},"loc":{"start":{"line":84,"column":29},"end":{"line":87,"column":9}},"line":84},"4":{"name":"(anonymous_4)","decl":{"start":{"line":88,"column":8},"end":{"line":88,"column":9}},"loc":{"start":{"line":88,"column":31},"end":{"line":90,"column":9}},"line":88},"5":{"name":"(anonymous_5)","decl":{"start":{"line":91,"column":8},"end":{"line":91,"column":9}},"loc":{"start":{"line":91,"column":39},"end":{"line":94,"column":9}},"line":91}},"branchMap":{"0":{"loc":{"start":{"line":8,"column":12},"end":{"line":11,"column":13}},"type":"if","locations":[{"start":{"line":8,"column":12},"end":{"line":11,"column":13}},{"start":{},"end":{}}],"line":8},"1":{"loc":{"start":{"line":10,"column":32},"end":{"line":10,"column":85}},"type":"binary-expr","locations":[{"start":{"line":10,"column":32},"end":{"line":10,"column":49}},{"start":{"line":10,"column":53},"end":{"line":10,"column":85}}],"line":10},"2":{"loc":{"start":{"line":29,"column":8},"end":{"line":35,"column":9}},"type":"if","locations":[{"start":{"line":29,"column":8},"end":{"line":35,"column":9}},{"start":{},"end":{}}],"line":29},"3":{"loc":{"start":{"line":30,"column":12},"end":{"line":32,"column":13}},"type":"if","locations":[{"start":{"line":30,"column":12},"end":{"line":32,"column":13}},{"start":{},"end":{}}],"line":30},"4":{"loc":{"start":{"line":34,"column":28},"end":{"line":34,"column":72}},"type":"binary-expr","locations":[{"start":{"line":34,"column":28},"end":{"line":34,"column":45}},{"start":{"line":34,"column":49},"end":{"line":34,"column":72}}],"line":34},"5":{"loc":{"start":{"line":57,"column":12},"end":{"line":63,"column":13}},"type":"if","locations":[{"start":{"line":57,"column":12},"end":{"line":63,"column":13}},{"start":{},"end":{}}],"line":57},"6":{"loc":{"start":{"line":58,"column":16},"end":{"line":60,"column":17}},"type":"if","locations":[{"start":{"line":58,"column":16},"end":{"line":60,"column":17}},{"start":{},"end":{}}],"line":58},"7":{"loc":{"start":{"line":62,"column":32},"end":{"line":62,"column":73}},"type":"binary-expr","locations":[{"start":{"line":62,"column":32},"end":{"line":62,"column":49}},{"start":{"line":62,"column":53},"end":{"line":62,"column":73}}],"line":62}},"s":{"0":0,"1":0,"2":0,"3":0,"4":0,"5":0,"6":0,"7":0,"8":0,"9":0,"10":0,"11":0,"12":0,"13":0,"14":0,"15":0,"16":0,"17":0,"18":0,"19":0,"20":0,"21":0,"22":0,"23":0,"24":0,"25":0,"26":0,"27":0,"28":0,"29":0,"30":0,"31":0,"32":0,"33":0,"34":0,"35":0,"36":0,"37":0,"38":0,"39":0,"40":0,"41":0,"42":0},"f":{"0":0,"1":0,"2":0,"3":0,"4":0,"5":0},"b":{"0":[0,0],"1":[0,0],"2":[0,0],"3":[0,0],"4":[0,0],"5":[0,0],"6":[0,0],"7":[0,0]}}
,"/home/jenkler/Desktop/FrontendMentor/linkshare-app/linksharing-MERN-tailwind/server/client/src/features/user/userSlice.js": {"path":"/home/jenkler/Desktop/FrontendMentor/linkshare-app/linksharing-MERN-tailwind/server/client/src/features/user/userSlice.js","statementMap":{"0":{"start":{"line":4,"column":25},"end":{"line":14,"column":1}},"1":{"start":{"line":7,"column":4},"end":{"line":12,"column":5}},"2":{"start":{"line":8,"column":23},"end":{"line":8,"column":98}},"3":{"start":{"line":9,"column":6},"end":{"line":9,"column":27}},"4":{"start":{"line":11,"column":6},"end":{"line":11,"column":44}},"5":{"start":{"line":16,"column":28},"end":{"line":29,"column":1}},"6":{"start":{"line":19,"column":4},"end":{"line":27,"column":5}},"7":{"start":{"line":20,"column":23},"end":{"line":20,"column":102}},"8":{"start":{"line":21,"column":6},"end":{"line":21,"column":27}},"9":{"start":{"line":23,"column":6},"end":{"line":25,"column":7}},"10":{"start":{"line":24,"column":8},"end":{"line":24,"column":54}},"11":{"start":{"line":26,"column":6},"end":{"line":26,"column":86}},"12":{"start":{"line":31,"column":21},"end":{"line":35,"column":1}},"13":{"start":{"line":37,"column":25},"end":{"line":67,"column":2}},"14":{"start":{"line":42,"column":4},"end":{"line":65,"column":9}},"15":{"start":{"line":44,"column":8},"end":{"line":44,"column":29}},"16":{"start":{"line":45,"column":8},"end":{"line":45,"column":27}},"17":{"start":{"line":48,"column":8},"end":{"line":48,"column":30}},"18":{"start":{"line":49,"column":8},"end":{"line":49,"column":43}},"19":{"start":{"line":52,"column":8},"end":{"line":52,"column":30}},"20":{"start":{"line":53,"column":8},"end":{"line":53,"column":37}},"21":{"start":{"line":56,"column":8},"end":{"line":56,"column":29}},"22":{"start":{"line":57,"column":8},"end":{"line":57,"column":27}},"23":{"start":{"line":60,"column":8},"end":{"line":60,"column":30}},"24":{"start":{"line":63,"column":8},"end":{"line":63,"column":30}},"25":{"start":{"line":64,"column":8},"end":{"line":64,"column":37}}},"fnMap":{"0":{"name":"(anonymous_0)","decl":{"start":{"line":6,"column":2},"end":{"line":6,"column":3}},"loc":{"start":{"line":6,"column":43},"end":{"line":13,"column":3}},"line":6},"1":{"name":"(anonymous_1)","decl":{"start":{"line":18,"column":2},"end":{"line":18,"column":3}},"loc":{"start":{"line":18,"column":43},"end":{"line":28,"column":3}},"line":18},"2":{"name":"(anonymous_2)","decl":{"start":{"line":41,"column":17},"end":{"line":41,"column":18}},"loc":{"start":{"line":41,"column":30},"end":{"line":66,"column":3}},"line":41},"3":{"name":"(anonymous_3)","decl":{"start":{"line":43,"column":34},"end":{"line":43,"column":35}},"loc":{"start":{"line":43,"column":45},"end":{"line":46,"column":7}},"line":43},"4":{"name":"(anonymous_4)","decl":{"start":{"line":47,"column":36},"end":{"line":47,"column":37}},"loc":{"start":{"line":47,"column":55},"end":{"line":50,"column":7}},"line":47},"5":{"name":"(anonymous_5)","decl":{"start":{"line":51,"column":35},"end":{"line":51,"column":36}},"loc":{"start":{"line":51,"column":54},"end":{"line":54,"column":7}},"line":51},"6":{"name":"(anonymous_6)","decl":{"start":{"line":55,"column":37},"end":{"line":55,"column":38}},"loc":{"start":{"line":55,"column":48},"end":{"line":58,"column":7}},"line":55},"7":{"name":"(anonymous_7)","decl":{"start":{"line":59,"column":39},"end":{"line":59,"column":40}},"loc":{"start":{"line":59,"column":50},"end":{"line":61,"column":7}},"line":59},"8":{"name":"(anonymous_8)","decl":{"start":{"line":62,"column":38},"end":{"line":62,"column":39}},"loc":{"start":{"line":62,"column":57},"end":{"line":65,"column":7}},"line":62}},"branchMap":{"0":{"loc":{"start":{"line":23,"column":6},"end":{"line":25,"column":7}},"type":"if","locations":[{"start":{"line":23,"column":6},"end":{"line":25,"column":7}},{"start":{},"end":{}}],"line":23},"1":{"loc":{"start":{"line":23,"column":9},"end":{"line":23,"column":56}},"type":"binary-expr","locations":[{"start":{"line":23,"column":9},"end":{"line":23,"column":23}},{"start":{"line":23,"column":27},"end":{"line":23,"column":56}}],"line":23},"2":{"loc":{"start":{"line":26,"column":29},"end":{"line":26,"column":84}},"type":"binary-expr","locations":[{"start":{"line":26,"column":29},"end":{"line":26,"column":58}},{"start":{"line":26,"column":62},"end":{"line":26,"column":84}}],"line":26}},"s":{"0":1,"1":0,"2":0,"3":0,"4":0,"5":1,"6":0,"7":0,"8":0,"9":0,"10":0,"11":0,"12":1,"13":1,"14":0,"15":0,"16":0,"17":0,"18":0,"19":0,"20":0,"21":0,"22":0,"23":0,"24":0,"25":0},"f":{"0":0,"1":0,"2":0,"3":0,"4":0,"5":0,"6":0,"7":0,"8":0},"b":{"0":[0,0],"1":[0,0],"2":[0,0]},"_coverageSchema":"1a1c01bbd47fc00a2c39e90264f33305004495a9","hash":"d9795924c31148975dfdbc607f605ece1ad570f5"}
}
