{"/home/jenkler/Desktop/FrontendMentor/linkshare-app/linksharing-MERN-tailwind/server/client/src/main.jsx": {"path":"/home/jenkler/Desktop/FrontendMentor/linkshare-app/linksharing-MERN-tailwind/server/client/src/main.jsx","statementMap":{"0":{"start":{"line":15,"column":24},"end":{"line":19,"column":1}},"1":{"start":{"line":18,"column":2},"end":{"line":18,"column":48}},"2":{"start":{"line":22,"column":18},"end":{"line":29,"column":1}},"3":{"start":{"line":23,"column":2},"end":{"line":26,"column":3}},"4":{"start":{"line":25,"column":4},"end":{"line":25,"column":36}},"5":{"start":{"line":28,"column":2},"end":{"line":28,"column":17}},"6":{"start":{"line":31,"column":15},"end":{"line":56,"column":2}},"7":{"start":{"line":58,"column":0},"end":{"line":62,"column":2}}},"fnMap":{"0":{"name":"(anonymous_0)","decl":{"start":{"line":15,"column":24},"end":{"line":15,"column":25}},"loc":{"start":{"line":15,"column":30},"end":{"line":19,"column":1}},"line":15},"1":{"name":"(anonymous_1)","decl":{"start":{"line":22,"column":18},"end":{"line":22,"column":19}},"loc":{"start":{"line":22,"column":41},"end":{"line":29,"column":1}},"line":22}},"branchMap":{"0":{"loc":{"start":{"line":23,"column":2},"end":{"line":26,"column":3}},"type":"if","locations":[{"start":{"line":23,"column":2},"end":{"line":26,"column":3}},{"start":{},"end":{}}],"line":23},"1":{"loc":{"start":{"line":23,"column":6},"end":{"line":23,"column":69}},"type":"binary-expr","locations":[{"start":{"line":23,"column":6},"end":{"line":23,"column":24}},{"start":{"line":23,"column":28},"end":{"line":23,"column":45}},{"start":{"line":23,"column":49},"end":{"line":23,"column":69}}],"line":23}},"s":{"0":0,"1":0,"2":0,"3":0,"4":0,"5":0,"6":0,"7":0},"f":{"0":0,"1":0},"b":{"0":[0,0],"1":[0,0,0]}}
,"/home/jenkler/Desktop/FrontendMentor/linkshare-app/linksharing-MERN-tailwind/server/client/src/app/store.js": {"path":"/home/jenkler/Desktop/FrontendMentor/linkshare-app/linksharing-MERN-tailwind/server/client/src/app/store.js","statementMap":{"0":{"start":{"line":4,"column":21},"end":{"line":6,"column":2}}},"fnMap":{},"branchMap":{},"s":{"0":0},"f":{},"b":{}}
,"/home/jenkler/Desktop/FrontendMentor/linkshare-app/linksharing-MERN-tailwind/server/client/src/components/AddLinkPage.jsx": {"path":"/home/jenkler/Desktop/FrontendMentor/linkshare-app/linksharing-MERN-tailwind/server/client/src/components/AddLinkPage.jsx","statementMap":{"0":{"start":{"line":25,"column":36},"end":{"line":25,"column":48}},"1":{"start":{"line":26,"column":28},"end":{"line":26,"column":42}},"2":{"start":{"line":27,"column":40},"end":{"line":27,"column":54}},"3":{"start":{"line":28,"column":21},"end":{"line":28,"column":34}},"4":{"start":{"line":30,"column":4},"end":{"line":40,"column":17}},"5":{"start":{"line":31,"column":26},"end":{"line":38,"column":9}},"6":{"start":{"line":32,"column":12},"end":{"line":37,"column":13}},"7":{"start":{"line":33,"column":28},"end":{"line":33,"column":60}},"8":{"start":{"line":34,"column":16},"end":{"line":34,"column":125}},"9":{"start":{"line":36,"column":16},"end":{"line":36,"column":60}},"10":{"start":{"line":39,"column":8},"end":{"line":39,"column":19}},"11":{"start":{"line":42,"column":4},"end":{"line":42,"column":21}},"12":{"start":{"line":44,"column":4},"end":{"line":55,"column":19}},"13":{"start":{"line":45,"column":26},"end":{"line":52,"column":9}},"14":{"start":{"line":46,"column":12},"end":{"line":51,"column":13}},"15":{"start":{"line":47,"column":30},"end":{"line":47,"column":67}},"16":{"start":{"line":48,"column":16},"end":{"line":48,"column":35}},"17":{"start":{"line":50,"column":16},"end":{"line":50,"column":62}},"18":{"start":{"line":54,"column":8},"end":{"line":54,"column":20}},"19":{"start":{"line":57,"column":22},"end":{"line":62,"column":5}},"20":{"start":{"line":58,"column":8},"end":{"line":61,"column":11}},"21":{"start":{"line":58,"column":33},"end":{"line":61,"column":9}},"22":{"start":{"line":64,"column":25},"end":{"line":70,"column":5}},"23":{"start":{"line":65,"column":32},"end":{"line":65,"column":40}},"24":{"start":{"line":66,"column":28},"end":{"line":66,"column":41}},"25":{"start":{"line":67,"column":8},"end":{"line":67,"column":41}},"26":{"start":{"line":68,"column":8},"end":{"line":68,"column":33}},"27":{"start":{"line":69,"column":8},"end":{"line":69,"column":28}},"28":{"start":{"line":72,"column":25},"end":{"line":76,"column":5}},"29":{"start":{"line":73,"column":28},"end":{"line":73,"column":41}},"30":{"start":{"line":74,"column":8},"end":{"line":74,"column":36}},"31":{"start":{"line":75,"column":8},"end":{"line":75,"column":33}},"32":{"start":{"line":78,"column":25},"end":{"line":90,"column":5}},"33":{"start":{"line":79,"column":8},"end":{"line":79,"column":27}},"34":{"start":{"line":80,"column":27},"end":{"line":80,"column":91}},"35":{"start":{"line":80,"column":54},"end":{"line":80,"column":90}},"36":{"start":{"line":81,"column":8},"end":{"line":89,"column":9}},"37":{"start":{"line":82,"column":12},"end":{"line":82,"column":38}},"38":{"start":{"line":84,"column":12},"end":{"line":88,"column":13}},"39":{"start":{"line":85,"column":16},"end":{"line":85,"column":60}},"40":{"start":{"line":87,"column":16},"end":{"line":87,"column":55}},"41":{"start":{"line":93,"column":32},"end":{"line":100,"column":5}},"42":{"start":{"line":94,"column":21},"end":{"line":94,"column":23}},"43":{"start":{"line":95,"column":22},"end":{"line":95,"column":44}},"44":{"start":{"line":96,"column":8},"end":{"line":98,"column":9}},"45":{"start":{"line":96,"column":21},"end":{"line":96,"column":22}},"46":{"start":{"line":97,"column":12},"end":{"line":97,"column":52}},"47":{"start":{"line":99,"column":8},"end":{"line":99,"column":35}},"48":{"start":{"line":102,"column":28},"end":{"line":104,"column":5}},"49":{"start":{"line":103,"column":8},"end":{"line":103,"column":47}},"50":{"start":{"line":106,"column":27},"end":{"line":108,"column":5}},"51":{"start":{"line":107,"column":8},"end":{"line":107,"column":27}},"52":{"start":{"line":110,"column":23},"end":{"line":122,"column":5}},"53":{"start":{"line":111,"column":26},"end":{"line":111,"column":57}},"54":{"start":{"line":112,"column":28},"end":{"line":112,"column":41}},"55":{"start":{"line":113,"column":28},"end":{"line":113,"column":50}},"56":{"start":{"line":116,"column":8},"end":{"line":116,"column":41}},"57":{"start":{"line":119,"column":8},"end":{"line":119,"column":54}},"58":{"start":{"line":121,"column":8},"end":{"line":121,"column":33}},"59":{"start":{"line":124,"column":4},"end":{"line":288,"column":6}},"60":{"start":{"line":132,"column":24},"end":{"line":237,"column":30}},"61":{"start":{"line":257,"column":24},"end":{"line":280,"column":26}},"62":{"start":{"line":260,"column":48},"end":{"line":260,"column":73}},"63":{"start":{"line":262,"column":43},"end":{"line":262,"column":63}},"64":{"start":{"line":269,"column":46},"end":{"line":269,"column":65}},"65":{"start":{"line":277,"column":335},"end":{"line":277,"column":357}}},"fnMap":{"0":{"name":"AddLinkPage","decl":{"start":{"line":24,"column":9},"end":{"line":24,"column":20}},"loc":{"start":{"line":24,"column":23},"end":{"line":289,"column":1}},"line":24},"1":{"name":"(anonymous_1)","decl":{"start":{"line":30,"column":14},"end":{"line":30,"column":15}},"loc":{"start":{"line":30,"column":20},"end":{"line":40,"column":5}},"line":30},"2":{"name":"(anonymous_2)","decl":{"start":{"line":31,"column":26},"end":{"line":31,"column":27}},"loc":{"start":{"line":31,"column":38},"end":{"line":38,"column":9}},"line":31},"3":{"name":"(anonymous_3)","decl":{"start":{"line":44,"column":14},"end":{"line":44,"column":15}},"loc":{"start":{"line":44,"column":20},"end":{"line":55,"column":5}},"line":44},"4":{"name":"(anonymous_4)","decl":{"start":{"line":45,"column":26},"end":{"line":45,"column":27}},"loc":{"start":{"line":45,"column":38},"end":{"line":52,"column":9}},"line":45},"5":{"name":"(anonymous_5)","decl":{"start":{"line":57,"column":22},"end":{"line":57,"column":23}},"loc":{"start":{"line":57,"column":28},"end":{"line":62,"column":5}},"line":57},"6":{"name":"(anonymous_6)","decl":{"start":{"line":58,"column":20},"end":{"line":58,"column":21}},"loc":{"start":{"line":58,"column":33},"end":{"line":61,"column":9}},"line":58},"7":{"name":"(anonymous_7)","decl":{"start":{"line":64,"column":25},"end":{"line":64,"column":26}},"loc":{"start":{"line":64,"column":39},"end":{"line":70,"column":5}},"line":64},"8":{"name":"(anonymous_8)","decl":{"start":{"line":72,"column":25},"end":{"line":72,"column":26}},"loc":{"start":{"line":72,"column":36},"end":{"line":76,"column":5}},"line":72},"9":{"name":"(anonymous_9)","decl":{"start":{"line":78,"column":25},"end":{"line":78,"column":26}},"loc":{"start":{"line":78,"column":38},"end":{"line":90,"column":5}},"line":78},"10":{"name":"(anonymous_10)","decl":{"start":{"line":80,"column":46},"end":{"line":80,"column":47}},"loc":{"start":{"line":80,"column":54},"end":{"line":80,"column":90}},"line":80},"11":{"name":"(anonymous_11)","decl":{"start":{"line":93,"column":32},"end":{"line":93,"column":33}},"loc":{"start":{"line":93,"column":44},"end":{"line":100,"column":5}},"line":93},"12":{"name":"(anonymous_12)","decl":{"start":{"line":102,"column":28},"end":{"line":102,"column":29}},"loc":{"start":{"line":102,"column":42},"end":{"line":104,"column":5}},"line":102},"13":{"name":"(anonymous_13)","decl":{"start":{"line":106,"column":27},"end":{"line":106,"column":28}},"loc":{"start":{"line":106,"column":34},"end":{"line":108,"column":5}},"line":106},"14":{"name":"(anonymous_14)","decl":{"start":{"line":110,"column":23},"end":{"line":110,"column":24}},"loc":{"start":{"line":110,"column":41},"end":{"line":122,"column":5}},"line":110},"15":{"name":"(anonymous_15)","decl":{"start":{"line":131,"column":65},"end":{"line":131,"column":66}},"loc":{"start":{"line":132,"column":24},"end":{"line":237,"column":30}},"line":132},"16":{"name":"(anonymous_16)","decl":{"start":{"line":256,"column":57},"end":{"line":256,"column":58}},"loc":{"start":{"line":257,"column":24},"end":{"line":280,"column":26}},"line":257},"17":{"name":"(anonymous_17)","decl":{"start":{"line":260,"column":41},"end":{"line":260,"column":42}},"loc":{"start":{"line":260,"column":48},"end":{"line":260,"column":73}},"line":260},"18":{"name":"(anonymous_18)","decl":{"start":{"line":262,"column":36},"end":{"line":262,"column":37}},"loc":{"start":{"line":262,"column":43},"end":{"line":262,"column":63}},"line":262},"19":{"name":"(anonymous_19)","decl":{"start":{"line":269,"column":40},"end":{"line":269,"column":41}},"loc":{"start":{"line":269,"column":46},"end":{"line":269,"column":65}},"line":269},"20":{"name":"(anonymous_20)","decl":{"start":{"line":277,"column":328},"end":{"line":277,"column":329}},"loc":{"start":{"line":277,"column":335},"end":{"line":277,"column":357}},"line":277}},"branchMap":{"0":{"loc":{"start":{"line":80,"column":54},"end":{"line":80,"column":90}},"type":"binary-expr","locations":[{"start":{"line":80,"column":54},"end":{"line":80,"column":71}},{"start":{"line":80,"column":75},"end":{"line":80,"column":90}}],"line":80},"1":{"loc":{"start":{"line":81,"column":8},"end":{"line":89,"column":9}},"type":"if","locations":[{"start":{"line":81,"column":8},"end":{"line":89,"column":9}},{"start":{"line":83,"column":15},"end":{"line":89,"column":9}}],"line":81},"2":{"loc":{"start":{"line":128,"column":129},"end":{"line":128,"column":151}},"type":"cond-expr","locations":[{"start":{"line":128,"column":136},"end":{"line":128,"column":144}},{"start":{"line":128,"column":147},"end":{"line":128,"column":151}}],"line":128},"3":{"loc":{"start":{"line":129,"column":118},"end":{"line":129,"column":146}},"type":"cond-expr","locations":[{"start":{"line":129,"column":125},"end":{"line":129,"column":139}},{"start":{"line":129,"column":142},"end":{"line":129,"column":146}}],"line":129},"4":{"loc":{"start":{"line":129,"column":149},"end":{"line":129,"column":176}},"type":"cond-expr","locations":[{"start":{"line":129,"column":156},"end":{"line":129,"column":169}},{"start":{"line":129,"column":172},"end":{"line":129,"column":176}}],"line":129},"5":{"loc":{"start":{"line":130,"column":118},"end":{"line":130,"column":142}},"type":"cond-expr","locations":[{"start":{"line":130,"column":125},"end":{"line":130,"column":135}},{"start":{"line":130,"column":138},"end":{"line":130,"column":142}}],"line":130},"6":{"loc":{"start":{"line":131,"column":17},"end":{"line":238,"column":22}},"type":"binary-expr","locations":[{"start":{"line":131,"column":17},"end":{"line":131,"column":36}},{"start":{"line":131,"column":40},"end":{"line":238,"column":22}}],"line":131},"7":{"loc":{"start":{"line":133,"column":29},"end":{"line":140,"column":36}},"type":"cond-expr","locations":[{"start":{"line":134,"column":32},"end":{"line":139,"column":38}},{"start":{"line":140,"column":32},"end":{"line":140,"column":36}}],"line":133},"8":{"loc":{"start":{"line":141,"column":29},"end":{"line":148,"column":36}},"type":"cond-expr","locations":[{"start":{"line":142,"column":32},"end":{"line":147,"column":38}},{"start":{"line":148,"column":32},"end":{"line":148,"column":36}}],"line":141},"9":{"loc":{"start":{"line":149,"column":29},"end":{"line":156,"column":36}},"type":"cond-expr","locations":[{"start":{"line":150,"column":32},"end":{"line":155,"column":38}},{"start":{"line":156,"column":32},"end":{"line":156,"column":36}}],"line":149},"10":{"loc":{"start":{"line":157,"column":29},"end":{"line":164,"column":36}},"type":"cond-expr","locations":[{"start":{"line":158,"column":32},"end":{"line":163,"column":38}},{"start":{"line":164,"column":32},"end":{"line":164,"column":36}}],"line":157},"11":{"loc":{"start":{"line":165,"column":29},"end":{"line":172,"column":36}},"type":"cond-expr","locations":[{"start":{"line":166,"column":32},"end":{"line":171,"column":38}},{"start":{"line":172,"column":32},"end":{"line":172,"column":36}}],"line":165},"12":{"loc":{"start":{"line":173,"column":29},"end":{"line":180,"column":36}},"type":"cond-expr","locations":[{"start":{"line":174,"column":32},"end":{"line":179,"column":38}},{"start":{"line":180,"column":32},"end":{"line":180,"column":36}}],"line":173},"13":{"loc":{"start":{"line":181,"column":29},"end":{"line":188,"column":36}},"type":"cond-expr","locations":[{"start":{"line":182,"column":32},"end":{"line":187,"column":38}},{"start":{"line":188,"column":32},"end":{"line":188,"column":36}}],"line":181},"14":{"loc":{"start":{"line":189,"column":29},"end":{"line":196,"column":36}},"type":"cond-expr","locations":[{"start":{"line":190,"column":32},"end":{"line":195,"column":38}},{"start":{"line":196,"column":32},"end":{"line":196,"column":36}}],"line":189},"15":{"loc":{"start":{"line":197,"column":29},"end":{"line":204,"column":36}},"type":"cond-expr","locations":[{"start":{"line":198,"column":32},"end":{"line":203,"column":38}},{"start":{"line":204,"column":32},"end":{"line":204,"column":36}}],"line":197},"16":{"loc":{"start":{"line":205,"column":29},"end":{"line":212,"column":36}},"type":"cond-expr","locations":[{"start":{"line":206,"column":32},"end":{"line":211,"column":38}},{"start":{"line":212,"column":32},"end":{"line":212,"column":36}}],"line":205},"17":{"loc":{"start":{"line":213,"column":29},"end":{"line":220,"column":36}},"type":"cond-expr","locations":[{"start":{"line":214,"column":32},"end":{"line":219,"column":38}},{"start":{"line":220,"column":32},"end":{"line":220,"column":36}}],"line":213},"18":{"loc":{"start":{"line":221,"column":29},"end":{"line":228,"column":36}},"type":"cond-expr","locations":[{"start":{"line":222,"column":32},"end":{"line":227,"column":38}},{"start":{"line":228,"column":32},"end":{"line":228,"column":36}}],"line":221},"19":{"loc":{"start":{"line":229,"column":29},"end":{"line":236,"column":36}},"type":"cond-expr","locations":[{"start":{"line":230,"column":32},"end":{"line":235,"column":38}},{"start":{"line":236,"column":32},"end":{"line":236,"column":36}}],"line":229},"20":{"loc":{"start":{"line":248,"column":21},"end":{"line":255,"column":28}},"type":"cond-expr","locations":[{"start":{"line":249,"column":24},"end":{"line":254,"column":30}},{"start":{"line":255,"column":24},"end":{"line":255,"column":28}}],"line":248},"21":{"loc":{"start":{"line":256,"column":21},"end":{"line":281,"column":22}},"type":"binary-expr","locations":[{"start":{"line":256,"column":21},"end":{"line":256,"column":40}},{"start":{"line":256,"column":44},"end":{"line":281,"column":22}}],"line":256},"22":{"loc":{"start":{"line":276,"column":76},"end":{"line":276,"column":135}},"type":"binary-expr","locations":[{"start":{"line":276,"column":76},"end":{"line":276,"column":96}},{"start":{"line":276,"column":101},"end":{"line":276,"column":134}}],"line":276},"23":{"loc":{"start":{"line":276,"column":101},"end":{"line":276,"column":134}},"type":"cond-expr","locations":[{"start":{"line":276,"column":119},"end":{"line":276,"column":129}},{"start":{"line":276,"column":132},"end":{"line":276,"column":134}}],"line":276},"24":{"loc":{"start":{"line":277,"column":202},"end":{"line":277,"column":274}},"type":"binary-expr","locations":[{"start":{"line":277,"column":202},"end":{"line":277,"column":222}},{"start":{"line":277,"column":227},"end":{"line":277,"column":273}}],"line":277},"25":{"loc":{"start":{"line":277,"column":227},"end":{"line":277,"column":273}},"type":"cond-expr","locations":[{"start":{"line":277,"column":245},"end":{"line":277,"column":268}},{"start":{"line":277,"column":271},"end":{"line":277,"column":273}}],"line":277},"26":{"loc":{"start":{"line":278,"column":29},"end":{"line":278,"column":117}},"type":"binary-expr","locations":[{"start":{"line":278,"column":29},"end":{"line":278,"column":49}},{"start":{"line":278,"column":53},"end":{"line":278,"column":117}}],"line":278},"27":{"loc":{"start":{"line":283,"column":25},"end":{"line":283,"column":334}},"type":"cond-expr","locations":[{"start":{"line":283,"column":47},"end":{"line":283,"column":190}},{"start":{"line":283,"column":193},"end":{"line":283,"column":334}}],"line":283}},"s":{"0":0,"1":0,"2":0,"3":0,"4":0,"5":0,"6":0,"7":0,"8":0,"9":0,"10":0,"11":0,"12":0,"13":0,"14":0,"15":0,"16":0,"17":0,"18":0,"19":0,"20":0,"21":0,"22":0,"23":0,"24":0,"25":0,"26":0,"27":0,"28":0,"29":0,"30":0,"31":0,"32":0,"33":0,"34":0,"35":0,"36":0,"37":0,"38":0,"39":0,"40":0,"41":0,"42":0,"43":0,"44":0,"45":0,"46":0,"47":0,"48":0,"49":0,"50":0,"51":0,"52":0,"53":0,"54":0,"55":0,"56":0,"57":0,"58":0,"59":0,"60":0,"61":0,"62":0,"63":0,"64":0,"65":0},"f":{"0":0,"1":0,"2":0,"3":0,"4":0,"5":0,"6":0,"7":0,"8":0,"9":0,"10":0,"11":0,"12":0,"13":0,"14":0,"15":0,"16":0,"17":0,"18":0,"19":0,"20":0},"b":{"0":[0,0],"1":[0,0],"2":[0,0],"3":[0,0],"4":[0,0],"5":[0,0],"6":[0,0],"7":[0,0],"8":[0,0],"9":[0,0],"10":[0,0],"11":[0,0],"12":[0,0],"13":[0,0],"14":[0,0],"15":[0,0],"16":[0,0],"17":[0,0],"18":[0,0],"19":[0,0],"20":[0,0],"21":[0,0],"22":[0,0],"23":[0,0],"24":[0,0],"25":[0,0],"26":[0,0],"27":[0,0]}}
,"/home/jenkler/Desktop/FrontendMentor/linkshare-app/linksharing-MERN-tailwind/server/client/src/components/App.jsx": {"path":"/home/jenkler/Desktop/FrontendMentor/linkshare-app/linksharing-MERN-tailwind/server/client/src/components/App.jsx","statementMap":{"0":{"start":{"line":8,"column":38},"end":{"line":8,"column":53}},"1":{"start":{"line":9,"column":2},"end":{"line":9,"column":25}},"2":{"start":{"line":10,"column":2},"end":{"line":15,"column":3}}},"fnMap":{"0":{"name":"App","decl":{"start":{"line":7,"column":9},"end":{"line":7,"column":12}},"loc":{"start":{"line":7,"column":15},"end":{"line":16,"column":1}},"line":7}},"branchMap":{"0":{"loc":{"start":{"line":13,"column":9},"end":{"line":13,"column":66}},"type":"cond-expr","locations":[{"start":{"line":13,"column":32},"end":{"line":13,"column":47}},{"start":{"line":13,"column":51},"end":{"line":13,"column":66}}],"line":13}},"s":{"0":0,"1":0,"2":0},"f":{"0":0},"b":{"0":[0,0]}}
,"/home/jenkler/Desktop/FrontendMentor/linkshare-app/linksharing-MERN-tailwind/server/client/src/components/CustomSelect.jsx": {"path":"/home/jenkler/Desktop/FrontendMentor/linkshare-app/linksharing-MERN-tailwind/server/client/src/components/CustomSelect.jsx","statementMap":{"0":{"start":{"line":18,"column":21},"end":{"line":97,"column":1}},"1":{"start":{"line":19,"column":30},"end":{"line":19,"column":45}},"2":{"start":{"line":20,"column":22},"end":{"line":20,"column":34}},"3":{"start":{"line":22,"column":18},"end":{"line":36,"column":3}},"4":{"start":{"line":38,"column":25},"end":{"line":40,"column":3}},"5":{"start":{"line":39,"column":4},"end":{"line":39,"column":23}},"6":{"start":{"line":42,"column":28},"end":{"line":45,"column":3}},"7":{"start":{"line":43,"column":4},"end":{"line":43,"column":76}},"8":{"start":{"line":44,"column":4},"end":{"line":44,"column":21}},"9":{"start":{"line":47,"column":29},"end":{"line":51,"column":3}},"10":{"start":{"line":48,"column":4},"end":{"line":50,"column":5}},"11":{"start":{"line":49,"column":6},"end":{"line":49,"column":23}},"12":{"start":{"line":53,"column":2},"end":{"line":58,"column":9}},"13":{"start":{"line":54,"column":4},"end":{"line":54,"column":63}},"14":{"start":{"line":55,"column":4},"end":{"line":57,"column":6}},"15":{"start":{"line":56,"column":6},"end":{"line":56,"column":68}},"16":{"start":{"line":60,"column":25},"end":{"line":60,"column":76}},"17":{"start":{"line":60,"column":48},"end":{"line":60,"column":75}},"18":{"start":{"line":62,"column":2},"end":{"line":96,"column":4}},"19":{"start":{"line":83,"column":14},"end":{"line":90,"column":19}},"20":{"start":{"line":86,"column":31},"end":{"line":86,"column":56}}},"fnMap":{"0":{"name":"(anonymous_0)","decl":{"start":{"line":18,"column":21},"end":{"line":18,"column":22}},"loc":{"start":{"line":18,"column":56},"end":{"line":97,"column":1}},"line":18},"1":{"name":"(anonymous_1)","decl":{"start":{"line":38,"column":25},"end":{"line":38,"column":26}},"loc":{"start":{"line":38,"column":31},"end":{"line":40,"column":3}},"line":38},"2":{"name":"(anonymous_2)","decl":{"start":{"line":42,"column":28},"end":{"line":42,"column":29}},"loc":{"start":{"line":42,"column":40},"end":{"line":45,"column":3}},"line":42},"3":{"name":"(anonymous_3)","decl":{"start":{"line":47,"column":29},"end":{"line":47,"column":30}},"loc":{"start":{"line":47,"column":40},"end":{"line":51,"column":3}},"line":47},"4":{"name":"(anonymous_4)","decl":{"start":{"line":53,"column":12},"end":{"line":53,"column":13}},"loc":{"start":{"line":53,"column":18},"end":{"line":58,"column":3}},"line":53},"5":{"name":"(anonymous_5)","decl":{"start":{"line":55,"column":11},"end":{"line":55,"column":12}},"loc":{"start":{"line":55,"column":17},"end":{"line":57,"column":5}},"line":55},"6":{"name":"(anonymous_6)","decl":{"start":{"line":60,"column":38},"end":{"line":60,"column":39}},"loc":{"start":{"line":60,"column":48},"end":{"line":60,"column":75}},"line":60},"7":{"name":"(anonymous_7)","decl":{"start":{"line":82,"column":25},"end":{"line":82,"column":26}},"loc":{"start":{"line":83,"column":14},"end":{"line":90,"column":19}},"line":83},"8":{"name":"(anonymous_8)","decl":{"start":{"line":86,"column":25},"end":{"line":86,"column":26}},"loc":{"start":{"line":86,"column":31},"end":{"line":86,"column":56}},"line":86}},"branchMap":{"0":{"loc":{"start":{"line":48,"column":4},"end":{"line":50,"column":5}},"type":"if","locations":[{"start":{"line":48,"column":4},"end":{"line":50,"column":5}},{"start":{},"end":{}}],"line":48},"1":{"loc":{"start":{"line":48,"column":8},"end":{"line":48,"column":74}},"type":"binary-expr","locations":[{"start":{"line":48,"column":8},"end":{"line":48,"column":27}},{"start":{"line":48,"column":31},"end":{"line":48,"column":74}}],"line":48},"2":{"loc":{"start":{"line":71,"column":13},"end":{"line":71,"column":126}},"type":"binary-expr","locations":[{"start":{"line":71,"column":13},"end":{"line":71,"column":27}},{"start":{"line":71,"column":31},"end":{"line":71,"column":126}}],"line":71},"3":{"loc":{"start":{"line":72,"column":13},"end":{"line":72,"column":71}},"type":"cond-expr","locations":[{"start":{"line":72,"column":30},"end":{"line":72,"column":50}},{"start":{"line":72,"column":53},"end":{"line":72,"column":71}}],"line":72},"4":{"loc":{"start":{"line":75,"column":17},"end":{"line":75,"column":47}},"type":"cond-expr","locations":[{"start":{"line":75,"column":26},"end":{"line":75,"column":34}},{"start":{"line":75,"column":37},"end":{"line":75,"column":47}}],"line":75},"5":{"loc":{"start":{"line":80,"column":9},"end":{"line":93,"column":9}},"type":"binary-expr","locations":[{"start":{"line":80,"column":9},"end":{"line":80,"column":15}},{"start":{"line":81,"column":10},"end":{"line":92,"column":15}}],"line":80}},"s":{"0":0,"1":0,"2":0,"3":0,"4":0,"5":0,"6":0,"7":0,"8":0,"9":0,"10":0,"11":0,"12":0,"13":0,"14":0,"15":0,"16":0,"17":0,"18":0,"19":0,"20":0},"f":{"0":0,"1":0,"2":0,"3":0,"4":0,"5":0,"6":0,"7":0,"8":0},"b":{"0":[0,0],"1":[0,0],"2":[0,0],"3":[0,0],"4":[0,0],"5":[0,0]}}
,"/home/jenkler/Desktop/FrontendMentor/linkshare-app/linksharing-MERN-tailwind/server/client/src/components/Nav.jsx": {"path":"/home/jenkler/Desktop/FrontendMentor/linkshare-app/linksharing-MERN-tailwind/server/client/src/components/Nav.jsx","statementMap":{"0":{"start":{"line":17,"column":2},"end":{"line":32,"column":3}},"1":{"start":{"line":21,"column":29},"end":{"line":21,"column":55}}},"fnMap":{"0":{"name":"Nav","decl":{"start":{"line":16,"column":9},"end":{"line":16,"column":12}},"loc":{"start":{"line":16,"column":42},"end":{"line":33,"column":1}},"line":16},"1":{"name":"(anonymous_1)","decl":{"start":{"line":21,"column":22},"end":{"line":21,"column":23}},"loc":{"start":{"line":21,"column":29},"end":{"line":21,"column":55}},"line":21}},"branchMap":{"0":{"loc":{"start":{"line":22,"column":13},"end":{"line":22,"column":171}},"type":"cond-expr","locations":[{"start":{"line":22,"column":36},"end":{"line":22,"column":99}},{"start":{"line":22,"column":102},"end":{"line":22,"column":171}}],"line":22},"1":{"loc":{"start":{"line":23,"column":13},"end":{"line":23,"column":203}},"type":"cond-expr","locations":[{"start":{"line":23,"column":36},"end":{"line":23,"column":115}},{"start":{"line":23,"column":118},"end":{"line":23,"column":203}}],"line":23},"2":{"loc":{"start":{"line":24,"column":13},"end":{"line":24,"column":181}},"type":"cond-expr","locations":[{"start":{"line":24,"column":36},"end":{"line":24,"column":110}},{"start":{"line":24,"column":113},"end":{"line":24,"column":181}}],"line":24},"3":{"loc":{"start":{"line":25,"column":13},"end":{"line":25,"column":215}},"type":"cond-expr","locations":[{"start":{"line":25,"column":36},"end":{"line":25,"column":127}},{"start":{"line":25,"column":130},"end":{"line":25,"column":215}}],"line":25}},"s":{"0":0,"1":0},"f":{"0":0,"1":0},"b":{"0":[0,0],"1":[0,0],"2":[0,0],"3":[0,0]}}
,"/home/jenkler/Desktop/FrontendMentor/linkshare-app/linksharing-MERN-tailwind/server/client/src/components/Preview.jsx": {"path":"/home/jenkler/Desktop/FrontendMentor/linkshare-app/linksharing-MERN-tailwind/server/client/src/components/Preview.jsx","statementMap":{"0":{"start":{"line":23,"column":21},"end":{"line":23,"column":34}},"1":{"start":{"line":24,"column":28},"end":{"line":24,"column":40}},"2":{"start":{"line":25,"column":28},"end":{"line":25,"column":42}},"3":{"start":{"line":26,"column":21},"end":{"line":26,"column":34}},"4":{"start":{"line":28,"column":4},"end":{"line":41,"column":19}},"5":{"start":{"line":29,"column":26},"end":{"line":39,"column":9}},"6":{"start":{"line":30,"column":12},"end":{"line":38,"column":13}},"7":{"start":{"line":31,"column":28},"end":{"line":31,"column":60}},"8":{"start":{"line":32,"column":16},"end":{"line":32,"column":125}},"9":{"start":{"line":34,"column":16},"end":{"line":34,"column":61}},"10":{"start":{"line":35,"column":16},"end":{"line":35,"column":49}},"11":{"start":{"line":36,"column":16},"end":{"line":36,"column":29}},"12":{"start":{"line":40,"column":8},"end":{"line":40,"column":20}},"13":{"start":{"line":43,"column":4},"end":{"line":56,"column":19}},"14":{"start":{"line":44,"column":26},"end":{"line":53,"column":9}},"15":{"start":{"line":45,"column":12},"end":{"line":52,"column":13}},"16":{"start":{"line":46,"column":28},"end":{"line":46,"column":56}},"17":{"start":{"line":47,"column":16},"end":{"line":47,"column":37}},"18":{"start":{"line":49,"column":16},"end":{"line":49,"column":62}},"19":{"start":{"line":50,"column":16},"end":{"line":50,"column":49}},"20":{"start":{"line":51,"column":16},"end":{"line":51,"column":29}},"21":{"start":{"line":55,"column":8},"end":{"line":55,"column":20}},"22":{"start":{"line":58,"column":24},"end":{"line":61,"column":5}},"23":{"start":{"line":59,"column":8},"end":{"line":59,"column":81}},"24":{"start":{"line":60,"column":8},"end":{"line":60,"column":60}},"25":{"start":{"line":64,"column":32},"end":{"line":71,"column":5}},"26":{"start":{"line":65,"column":21},"end":{"line":65,"column":23}},"27":{"start":{"line":66,"column":22},"end":{"line":66,"column":44}},"28":{"start":{"line":67,"column":8},"end":{"line":69,"column":9}},"29":{"start":{"line":67,"column":21},"end":{"line":67,"column":22}},"30":{"start":{"line":68,"column":12},"end":{"line":68,"column":52}},"31":{"start":{"line":70,"column":8},"end":{"line":70,"column":35}},"32":{"start":{"line":73,"column":4},"end":{"line":180,"column":6}},"33":{"start":{"line":94,"column":28},"end":{"line":94,"column":55}},"34":{"start":{"line":94,"column":43},"end":{"line":94,"column":55}},"35":{"start":{"line":98,"column":28},"end":{"line":155,"column":29}},"36":{"start":{"line":100,"column":36},"end":{"line":100,"column":54}},"37":{"start":{"line":101,"column":36},"end":{"line":101,"column":57}},"38":{"start":{"line":102,"column":36},"end":{"line":102,"column":42}},"39":{"start":{"line":104,"column":36},"end":{"line":104,"column":55}},"40":{"start":{"line":105,"column":36},"end":{"line":105,"column":55}},"41":{"start":{"line":106,"column":36},"end":{"line":106,"column":42}},"42":{"start":{"line":108,"column":36},"end":{"line":108,"column":56}},"43":{"start":{"line":109,"column":36},"end":{"line":109,"column":56}},"44":{"start":{"line":110,"column":36},"end":{"line":110,"column":42}},"45":{"start":{"line":112,"column":36},"end":{"line":112,"column":53}},"46":{"start":{"line":113,"column":36},"end":{"line":113,"column":60}},"47":{"start":{"line":114,"column":36},"end":{"line":114,"column":42}},"48":{"start":{"line":116,"column":36},"end":{"line":116,"column":56}},"49":{"start":{"line":117,"column":36},"end":{"line":117,"column":56}},"50":{"start":{"line":118,"column":36},"end":{"line":118,"column":42}},"51":{"start":{"line":120,"column":36},"end":{"line":120,"column":60}},"52":{"start":{"line":121,"column":36},"end":{"line":121,"column":62}},"53":{"start":{"line":122,"column":36},"end":{"line":122,"column":42}},"54":{"start":{"line":124,"column":36},"end":{"line":124,"column":58}},"55":{"start":{"line":125,"column":36},"end":{"line":125,"column":71}},"56":{"start":{"line":126,"column":36},"end":{"line":126,"column":42}},"57":{"start":{"line":128,"column":36},"end":{"line":128,"column":51}},"58":{"start":{"line":129,"column":36},"end":{"line":129,"column":59}},"59":{"start":{"line":130,"column":36},"end":{"line":130,"column":42}},"60":{"start":{"line":132,"column":36},"end":{"line":132,"column":52}},"61":{"start":{"line":133,"column":36},"end":{"line":133,"column":60}},"62":{"start":{"line":134,"column":36},"end":{"line":134,"column":42}},"63":{"start":{"line":136,"column":36},"end":{"line":136,"column":50}},"64":{"start":{"line":137,"column":36},"end":{"line":137,"column":58}},"65":{"start":{"line":138,"column":36},"end":{"line":138,"column":42}},"66":{"start":{"line":140,"column":36},"end":{"line":140,"column":50}},"67":{"start":{"line":141,"column":36},"end":{"line":141,"column":58}},"68":{"start":{"line":142,"column":36},"end":{"line":142,"column":42}},"69":{"start":{"line":144,"column":36},"end":{"line":144,"column":52}},"70":{"start":{"line":145,"column":36},"end":{"line":145,"column":60}},"71":{"start":{"line":146,"column":36},"end":{"line":146,"column":42}},"72":{"start":{"line":148,"column":36},"end":{"line":148,"column":52}},"73":{"start":{"line":149,"column":36},"end":{"line":149,"column":60}},"74":{"start":{"line":150,"column":36},"end":{"line":150,"column":42}},"75":{"start":{"line":152,"column":36},"end":{"line":152,"column":48}},"76":{"start":{"line":153,"column":36},"end":{"line":153,"column":49}},"77":{"start":{"line":154,"column":36},"end":{"line":154,"column":42}},"78":{"start":{"line":157,"column":28},"end":{"line":173,"column":29}},"79":{"start":{"line":158,"column":32},"end":{"line":172,"column":34}},"80":{"start":{"line":174,"column":28},"end":{"line":174,"column":40}}},"fnMap":{"0":{"name":"Preview","decl":{"start":{"line":22,"column":9},"end":{"line":22,"column":16}},"loc":{"start":{"line":22,"column":19},"end":{"line":181,"column":1}},"line":22},"1":{"name":"(anonymous_1)","decl":{"start":{"line":28,"column":14},"end":{"line":28,"column":15}},"loc":{"start":{"line":28,"column":20},"end":{"line":41,"column":5}},"line":28},"2":{"name":"(anonymous_2)","decl":{"start":{"line":29,"column":26},"end":{"line":29,"column":27}},"loc":{"start":{"line":29,"column":38},"end":{"line":39,"column":9}},"line":29},"3":{"name":"(anonymous_3)","decl":{"start":{"line":43,"column":14},"end":{"line":43,"column":15}},"loc":{"start":{"line":43,"column":20},"end":{"line":56,"column":5}},"line":43},"4":{"name":"(anonymous_4)","decl":{"start":{"line":44,"column":26},"end":{"line":44,"column":27}},"loc":{"start":{"line":44,"column":38},"end":{"line":53,"column":9}},"line":44},"5":{"name":"(anonymous_5)","decl":{"start":{"line":58,"column":24},"end":{"line":58,"column":25}},"loc":{"start":{"line":58,"column":30},"end":{"line":61,"column":5}},"line":58},"6":{"name":"(anonymous_6)","decl":{"start":{"line":64,"column":32},"end":{"line":64,"column":33}},"loc":{"start":{"line":64,"column":44},"end":{"line":71,"column":5}},"line":64},"7":{"name":"(anonymous_7)","decl":{"start":{"line":93,"column":33},"end":{"line":93,"column":34}},"loc":{"start":{"line":93,"column":50},"end":{"line":175,"column":25}},"line":93}},"branchMap":{"0":{"loc":{"start":{"line":81,"column":21},"end":{"line":81,"column":152}},"type":"binary-expr","locations":[{"start":{"line":81,"column":21},"end":{"line":81,"column":25}},{"start":{"line":81,"column":29},"end":{"line":81,"column":37}},{"start":{"line":81,"column":41},"end":{"line":81,"column":152}}],"line":81},"1":{"loc":{"start":{"line":85,"column":17},"end":{"line":90,"column":24}},"type":"cond-expr","locations":[{"start":{"line":86,"column":20},"end":{"line":89,"column":26}},{"start":{"line":90,"column":20},"end":{"line":90,"column":24}}],"line":85},"2":{"loc":{"start":{"line":92,"column":21},"end":{"line":176,"column":28}},"type":"cond-expr","locations":[{"start":{"line":93,"column":24},"end":{"line":175,"column":26}},{"start":{"line":176,"column":24},"end":{"line":176,"column":28}}],"line":92},"3":{"loc":{"start":{"line":94,"column":28},"end":{"line":94,"column":55}},"type":"if","locations":[{"start":{"line":94,"column":28},"end":{"line":94,"column":55}},{"start":{},"end":{}}],"line":94},"4":{"loc":{"start":{"line":98,"column":28},"end":{"line":155,"column":29}},"type":"switch","locations":[{"start":{"line":99,"column":32},"end":{"line":102,"column":42}},{"start":{"line":103,"column":32},"end":{"line":106,"column":42}},{"start":{"line":107,"column":32},"end":{"line":110,"column":42}},{"start":{"line":111,"column":32},"end":{"line":114,"column":42}},{"start":{"line":115,"column":32},"end":{"line":118,"column":42}},{"start":{"line":119,"column":32},"end":{"line":122,"column":42}},{"start":{"line":123,"column":32},"end":{"line":126,"column":42}},{"start":{"line":127,"column":32},"end":{"line":130,"column":42}},{"start":{"line":131,"column":32},"end":{"line":134,"column":42}},{"start":{"line":135,"column":32},"end":{"line":138,"column":42}},{"start":{"line":139,"column":32},"end":{"line":142,"column":42}},{"start":{"line":143,"column":32},"end":{"line":146,"column":42}},{"start":{"line":147,"column":32},"end":{"line":150,"column":42}},{"start":{"line":151,"column":32},"end":{"line":154,"column":42}}],"line":98},"5":{"loc":{"start":{"line":157,"column":28},"end":{"line":173,"column":29}},"type":"if","locations":[{"start":{"line":157,"column":28},"end":{"line":173,"column":29}},{"start":{},"end":{}}],"line":157},"6":{"loc":{"start":{"line":157,"column":32},"end":{"line":157,"column":47}},"type":"binary-expr","locations":[{"start":{"line":157,"column":32},"end":{"line":157,"column":36}},{"start":{"line":157,"column":40},"end":{"line":157,"column":47}}],"line":157}},"s":{"0":0,"1":0,"2":0,"3":0,"4":0,"5":0,"6":0,"7":0,"8":0,"9":0,"10":0,"11":0,"12":0,"13":0,"14":0,"15":0,"16":0,"17":0,"18":0,"19":0,"20":0,"21":0,"22":0,"23":0,"24":0,"25":0,"26":0,"27":0,"28":0,"29":0,"30":0,"31":0,"32":0,"33":0,"34":0,"35":0,"36":0,"37":0,"38":0,"39":0,"40":0,"41":0,"42":0,"43":0,"44":0,"45":0,"46":0,"47":0,"48":0,"49":0,"50":0,"51":0,"52":0,"53":0,"54":0,"55":0,"56":0,"57":0,"58":0,"59":0,"60":0,"61":0,"62":0,"63":0,"64":0,"65":0,"66":0,"67":0,"68":0,"69":0,"70":0,"71":0,"72":0,"73":0,"74":0,"75":0,"76":0,"77":0,"78":0,"79":0,"80":0},"f":{"0":0,"1":0,"2":0,"3":0,"4":0,"5":0,"6":0,"7":0},"b":{"0":[0,0,0],"1":[0,0],"2":[0,0],"3":[0,0],"4":[0,0,0,0,0,0,0,0,0,0,0,0,0,0],"5":[0,0],"6":[0,0]}}
,"/home/jenkler/Desktop/FrontendMentor/linkshare-app/linksharing-MERN-tailwind/server/client/src/components/ProfilePage.jsx": {"path":"/home/jenkler/Desktop/FrontendMentor/linkshare-app/linksharing-MERN-tailwind/server/client/src/components/ProfilePage.jsx","statementMap":{"0":{"start":{"line":23,"column":19},"end":{"line":23,"column":32}},"1":{"start":{"line":24,"column":34},"end":{"line":29,"column":4}},"2":{"start":{"line":31,"column":30},"end":{"line":31,"column":44}},"3":{"start":{"line":32,"column":38},"end":{"line":32,"column":52}},"4":{"start":{"line":33,"column":36},"end":{"line":33,"column":50}},"5":{"start":{"line":34,"column":26},"end":{"line":34,"column":38}},"6":{"start":{"line":35,"column":26},"end":{"line":35,"column":36}},"7":{"start":{"line":37,"column":2},"end":{"line":48,"column":15}},"8":{"start":{"line":38,"column":22},"end":{"line":45,"column":5}},"9":{"start":{"line":39,"column":8},"end":{"line":44,"column":9}},"10":{"start":{"line":40,"column":24},"end":{"line":40,"column":52}},"11":{"start":{"line":41,"column":12},"end":{"line":41,"column":33}},"12":{"start":{"line":43,"column":12},"end":{"line":43,"column":58}},"13":{"start":{"line":47,"column":4},"end":{"line":47,"column":16}},"14":{"start":{"line":50,"column":23},"end":{"line":90,"column":3}},"15":{"start":{"line":51,"column":4},"end":{"line":51,"column":23}},"16":{"start":{"line":53,"column":12},"end":{"line":53,"column":13}},"17":{"start":{"line":55,"column":4},"end":{"line":60,"column":5}},"18":{"start":{"line":56,"column":6},"end":{"line":56,"column":22}},"19":{"start":{"line":57,"column":6},"end":{"line":57,"column":10}},"20":{"start":{"line":59,"column":6},"end":{"line":59,"column":23}},"21":{"start":{"line":62,"column":4},"end":{"line":67,"column":5}},"22":{"start":{"line":63,"column":6},"end":{"line":63,"column":26}},"23":{"start":{"line":64,"column":6},"end":{"line":64,"column":10}},"24":{"start":{"line":66,"column":6},"end":{"line":66,"column":27}},"25":{"start":{"line":69,"column":4},"end":{"line":74,"column":5}},"26":{"start":{"line":70,"column":6},"end":{"line":70,"column":25}},"27":{"start":{"line":71,"column":6},"end":{"line":71,"column":10}},"28":{"start":{"line":73,"column":6},"end":{"line":73,"column":26}},"29":{"start":{"line":76,"column":4},"end":{"line":89,"column":5}},"30":{"start":{"line":77,"column":6},"end":{"line":88,"column":7}},"31":{"start":{"line":78,"column":8},"end":{"line":78,"column":45}},"32":{"start":{"line":79,"column":8},"end":{"line":84,"column":11}},"33":{"start":{"line":85,"column":8},"end":{"line":85,"column":47}},"34":{"start":{"line":87,"column":8},"end":{"line":87,"column":46}},"35":{"start":{"line":92,"column":23},"end":{"line":99,"column":3}},"36":{"start":{"line":93,"column":35},"end":{"line":93,"column":43}},"37":{"start":{"line":94,"column":21},"end":{"line":94,"column":54}},"38":{"start":{"line":95,"column":4},"end":{"line":98,"column":8}},"39":{"start":{"line":95,"column":30},"end":{"line":98,"column":5}},"40":{"start":{"line":101,"column":2},"end":{"line":111,"column":13}},"41":{"start":{"line":102,"column":22},"end":{"line":109,"column":5}},"42":{"start":{"line":103,"column":8},"end":{"line":108,"column":9}},"43":{"start":{"line":104,"column":24},"end":{"line":104,"column":56}},"44":{"start":{"line":105,"column":12},"end":{"line":105,"column":121}},"45":{"start":{"line":107,"column":12},"end":{"line":107,"column":56}},"46":{"start":{"line":110,"column":4},"end":{"line":110,"column":15}},"47":{"start":{"line":114,"column":31},"end":{"line":121,"column":1}},"48":{"start":{"line":115,"column":17},"end":{"line":115,"column":19}},"49":{"start":{"line":116,"column":18},"end":{"line":116,"column":40}},"50":{"start":{"line":117,"column":4},"end":{"line":119,"column":5}},"51":{"start":{"line":117,"column":17},"end":{"line":117,"column":18}},"52":{"start":{"line":118,"column":8},"end":{"line":118,"column":48}},"53":{"start":{"line":120,"column":4},"end":{"line":120,"column":31}},"54":{"start":{"line":123,"column":2},"end":{"line":275,"column":4}},"55":{"start":{"line":131,"column":24},"end":{"line":236,"column":30}}},"fnMap":{"0":{"name":"ProfilePage","decl":{"start":{"line":22,"column":9},"end":{"line":22,"column":20}},"loc":{"start":{"line":22,"column":23},"end":{"line":276,"column":1}},"line":22},"1":{"name":"(anonymous_1)","decl":{"start":{"line":37,"column":12},"end":{"line":37,"column":13}},"loc":{"start":{"line":37,"column":18},"end":{"line":48,"column":1}},"line":37},"2":{"name":"(anonymous_2)","decl":{"start":{"line":38,"column":22},"end":{"line":38,"column":23}},"loc":{"start":{"line":38,"column":34},"end":{"line":45,"column":5}},"line":38},"3":{"name":"(anonymous_3)","decl":{"start":{"line":50,"column":23},"end":{"line":50,"column":24}},"loc":{"start":{"line":50,"column":36},"end":{"line":90,"column":3}},"line":50},"4":{"name":"(anonymous_4)","decl":{"start":{"line":92,"column":23},"end":{"line":92,"column":24}},"loc":{"start":{"line":92,"column":30},"end":{"line":99,"column":3}},"line":92},"5":{"name":"(anonymous_5)","decl":{"start":{"line":95,"column":16},"end":{"line":95,"column":17}},"loc":{"start":{"line":95,"column":30},"end":{"line":98,"column":5}},"line":95},"6":{"name":"(anonymous_6)","decl":{"start":{"line":101,"column":12},"end":{"line":101,"column":13}},"loc":{"start":{"line":101,"column":18},"end":{"line":111,"column":1}},"line":101},"7":{"name":"(anonymous_7)","decl":{"start":{"line":102,"column":22},"end":{"line":102,"column":23}},"loc":{"start":{"line":102,"column":34},"end":{"line":109,"column":5}},"line":102},"8":{"name":"(anonymous_8)","decl":{"start":{"line":114,"column":31},"end":{"line":114,"column":32}},"loc":{"start":{"line":114,"column":43},"end":{"line":121,"column":1}},"line":114},"9":{"name":"(anonymous_9)","decl":{"start":{"line":130,"column":56},"end":{"line":130,"column":57}},"loc":{"start":{"line":131,"column":24},"end":{"line":236,"column":30}},"line":131}},"branchMap":{"0":{"loc":{"start":{"line":55,"column":4},"end":{"line":60,"column":5}},"type":"if","locations":[{"start":{"line":55,"column":4},"end":{"line":60,"column":5}},{"start":{"line":58,"column":11},"end":{"line":60,"column":5}}],"line":55},"1":{"loc":{"start":{"line":62,"column":4},"end":{"line":67,"column":5}},"type":"if","locations":[{"start":{"line":62,"column":4},"end":{"line":67,"column":5}},{"start":{"line":65,"column":11},"end":{"line":67,"column":5}}],"line":62},"2":{"loc":{"start":{"line":69,"column":4},"end":{"line":74,"column":5}},"type":"if","locations":[{"start":{"line":69,"column":4},"end":{"line":74,"column":5}},{"start":{"line":72,"column":11},"end":{"line":74,"column":5}}],"line":69},"3":{"loc":{"start":{"line":76,"column":4},"end":{"line":89,"column":5}},"type":"if","locations":[{"start":{"line":76,"column":4},"end":{"line":89,"column":5}},{"start":{},"end":{}}],"line":76},"4":{"loc":{"start":{"line":94,"column":21},"end":{"line":94,"column":54}},"type":"cond-expr","locations":[{"start":{"line":94,"column":38},"end":{"line":94,"column":46}},{"start":{"line":94,"column":49},"end":{"line":94,"column":54}}],"line":94},"5":{"loc":{"start":{"line":127,"column":121},"end":{"line":127,"column":147}},"type":"cond-expr","locations":[{"start":{"line":127,"column":128},"end":{"line":127,"column":136}},{"start":{"line":127,"column":139},"end":{"line":127,"column":147}}],"line":127},"6":{"loc":{"start":{"line":128,"column":110},"end":{"line":128,"column":138}},"type":"cond-expr","locations":[{"start":{"line":128,"column":117},"end":{"line":128,"column":131}},{"start":{"line":128,"column":134},"end":{"line":128,"column":138}}],"line":128},"7":{"loc":{"start":{"line":128,"column":141},"end":{"line":128,"column":168}},"type":"cond-expr","locations":[{"start":{"line":128,"column":148},"end":{"line":128,"column":161}},{"start":{"line":128,"column":164},"end":{"line":128,"column":168}}],"line":128},"8":{"loc":{"start":{"line":129,"column":110},"end":{"line":129,"column":134}},"type":"cond-expr","locations":[{"start":{"line":129,"column":117},"end":{"line":129,"column":127}},{"start":{"line":129,"column":130},"end":{"line":129,"column":134}}],"line":129},"9":{"loc":{"start":{"line":130,"column":9},"end":{"line":237,"column":29}},"type":"cond-expr","locations":[{"start":{"line":130,"column":16},"end":{"line":237,"column":22}},{"start":{"line":237,"column":25},"end":{"line":237,"column":29}}],"line":130},"10":{"loc":{"start":{"line":130,"column":16},"end":{"line":237,"column":22}},"type":"binary-expr","locations":[{"start":{"line":130,"column":16},"end":{"line":130,"column":31}},{"start":{"line":130,"column":35},"end":{"line":237,"column":22}}],"line":130},"11":{"loc":{"start":{"line":132,"column":29},"end":{"line":139,"column":36}},"type":"cond-expr","locations":[{"start":{"line":133,"column":32},"end":{"line":138,"column":38}},{"start":{"line":139,"column":32},"end":{"line":139,"column":36}}],"line":132},"12":{"loc":{"start":{"line":140,"column":29},"end":{"line":147,"column":36}},"type":"cond-expr","locations":[{"start":{"line":141,"column":32},"end":{"line":146,"column":38}},{"start":{"line":147,"column":32},"end":{"line":147,"column":36}}],"line":140},"13":{"loc":{"start":{"line":148,"column":29},"end":{"line":155,"column":36}},"type":"cond-expr","locations":[{"start":{"line":149,"column":32},"end":{"line":154,"column":38}},{"start":{"line":155,"column":32},"end":{"line":155,"column":36}}],"line":148},"14":{"loc":{"start":{"line":156,"column":29},"end":{"line":163,"column":36}},"type":"cond-expr","locations":[{"start":{"line":157,"column":32},"end":{"line":162,"column":38}},{"start":{"line":163,"column":32},"end":{"line":163,"column":36}}],"line":156},"15":{"loc":{"start":{"line":164,"column":29},"end":{"line":171,"column":36}},"type":"cond-expr","locations":[{"start":{"line":165,"column":32},"end":{"line":170,"column":38}},{"start":{"line":171,"column":32},"end":{"line":171,"column":36}}],"line":164},"16":{"loc":{"start":{"line":172,"column":29},"end":{"line":179,"column":36}},"type":"cond-expr","locations":[{"start":{"line":173,"column":32},"end":{"line":178,"column":38}},{"start":{"line":179,"column":32},"end":{"line":179,"column":36}}],"line":172},"17":{"loc":{"start":{"line":180,"column":29},"end":{"line":187,"column":36}},"type":"cond-expr","locations":[{"start":{"line":181,"column":32},"end":{"line":186,"column":38}},{"start":{"line":187,"column":32},"end":{"line":187,"column":36}}],"line":180},"18":{"loc":{"start":{"line":188,"column":29},"end":{"line":195,"column":36}},"type":"cond-expr","locations":[{"start":{"line":189,"column":32},"end":{"line":194,"column":38}},{"start":{"line":195,"column":32},"end":{"line":195,"column":36}}],"line":188},"19":{"loc":{"start":{"line":196,"column":29},"end":{"line":203,"column":36}},"type":"cond-expr","locations":[{"start":{"line":197,"column":32},"end":{"line":202,"column":38}},{"start":{"line":203,"column":32},"end":{"line":203,"column":36}}],"line":196},"20":{"loc":{"start":{"line":204,"column":29},"end":{"line":211,"column":36}},"type":"cond-expr","locations":[{"start":{"line":205,"column":32},"end":{"line":210,"column":38}},{"start":{"line":211,"column":32},"end":{"line":211,"column":36}}],"line":204},"21":{"loc":{"start":{"line":212,"column":29},"end":{"line":219,"column":36}},"type":"cond-expr","locations":[{"start":{"line":213,"column":32},"end":{"line":218,"column":38}},{"start":{"line":219,"column":32},"end":{"line":219,"column":36}}],"line":212},"22":{"loc":{"start":{"line":220,"column":29},"end":{"line":227,"column":36}},"type":"cond-expr","locations":[{"start":{"line":221,"column":32},"end":{"line":226,"column":38}},{"start":{"line":227,"column":32},"end":{"line":227,"column":36}}],"line":220},"23":{"loc":{"start":{"line":228,"column":29},"end":{"line":235,"column":36}},"type":"cond-expr","locations":[{"start":{"line":229,"column":32},"end":{"line":234,"column":38}},{"start":{"line":235,"column":32},"end":{"line":235,"column":36}}],"line":228},"24":{"loc":{"start":{"line":247,"column":73},"end":{"line":247,"column":132}},"type":"cond-expr","locations":[{"start":{"line":247,"column":88},"end":{"line":247,"column":121}},{"start":{"line":247,"column":124},"end":{"line":247,"column":132}}],"line":247},"25":{"loc":{"start":{"line":254,"column":71},"end":{"line":254,"column":100}},"type":"cond-expr","locations":[{"start":{"line":254,"column":85},"end":{"line":254,"column":95}},{"start":{"line":254,"column":98},"end":{"line":254,"column":100}}],"line":254},"26":{"loc":{"start":{"line":255,"column":230},"end":{"line":255,"column":272}},"type":"cond-expr","locations":[{"start":{"line":255,"column":244},"end":{"line":255,"column":267}},{"start":{"line":255,"column":270},"end":{"line":255,"column":272}}],"line":255},"27":{"loc":{"start":{"line":256,"column":15},"end":{"line":256,"column":131}},"type":"binary-expr","locations":[{"start":{"line":256,"column":15},"end":{"line":256,"column":26}},{"start":{"line":256,"column":30},"end":{"line":256,"column":131}}],"line":256},"28":{"loc":{"start":{"line":259,"column":71},"end":{"line":259,"column":99}},"type":"cond-expr","locations":[{"start":{"line":259,"column":84},"end":{"line":259,"column":94}},{"start":{"line":259,"column":97},"end":{"line":259,"column":99}}],"line":259},"29":{"loc":{"start":{"line":260,"column":228},"end":{"line":260,"column":269}},"type":"cond-expr","locations":[{"start":{"line":260,"column":241},"end":{"line":260,"column":264}},{"start":{"line":260,"column":267},"end":{"line":260,"column":269}}],"line":260},"30":{"loc":{"start":{"line":261,"column":15},"end":{"line":261,"column":129}},"type":"binary-expr","locations":[{"start":{"line":261,"column":15},"end":{"line":261,"column":25}},{"start":{"line":261,"column":29},"end":{"line":261,"column":129}}],"line":261},"31":{"loc":{"start":{"line":264,"column":71},"end":{"line":264,"column":96}},"type":"cond-expr","locations":[{"start":{"line":264,"column":81},"end":{"line":264,"column":91}},{"start":{"line":264,"column":94},"end":{"line":264,"column":96}}],"line":264},"32":{"loc":{"start":{"line":265,"column":222},"end":{"line":265,"column":260}},"type":"cond-expr","locations":[{"start":{"line":265,"column":232},"end":{"line":265,"column":255}},{"start":{"line":265,"column":258},"end":{"line":265,"column":260}}],"line":265},"33":{"loc":{"start":{"line":266,"column":15},"end":{"line":266,"column":128}},"type":"binary-expr","locations":[{"start":{"line":266,"column":15},"end":{"line":266,"column":22}},{"start":{"line":266,"column":26},"end":{"line":266,"column":128}}],"line":266}},"s":{"0":0,"1":0,"2":0,"3":0,"4":0,"5":0,"6":0,"7":0,"8":0,"9":0,"10":0,"11":0,"12":0,"13":0,"14":0,"15":0,"16":0,"17":0,"18":0,"19":0,"20":0,"21":0,"22":0,"23":0,"24":0,"25":0,"26":0,"27":0,"28":0,"29":0,"30":0,"31":0,"32":0,"33":0,"34":0,"35":0,"36":0,"37":0,"38":0,"39":0,"40":0,"41":0,"42":0,"43":0,"44":0,"45":0,"46":0,"47":0,"48":0,"49":0,"50":0,"51":0,"52":0,"53":0,"54":0,"55":0},"f":{"0":0,"1":0,"2":0,"3":0,"4":0,"5":0,"6":0,"7":0,"8":0,"9":0},"b":{"0":[0,0],"1":[0,0],"2":[0,0],"3":[0,0],"4":[0,0],"5":[0,0],"6":[0,0],"7":[0,0],"8":[0,0],"9":[0,0],"10":[0,0],"11":[0,0],"12":[0,0],"13":[0,0],"14":[0,0],"15":[0,0],"16":[0,0],"17":[0,0],"18":[0,0],"19":[0,0],"20":[0,0],"21":[0,0],"22":[0,0],"23":[0,0],"24":[0,0],"25":[0,0],"26":[0,0],"27":[0,0],"28":[0,0],"29":[0,0],"30":[0,0],"31":[0,0],"32":[0,0],"33":[0,0]}}
,"/home/jenkler/Desktop/FrontendMentor/linkshare-app/linksharing-MERN-tailwind/server/client/src/components/Register.jsx": {"path":"/home/jenkler/Desktop/FrontendMentor/linkshare-app/linksharing-MERN-tailwind/server/client/src/components/Register.jsx","statementMap":{"0":{"start":{"line":10,"column":25},"end":{"line":25,"column":2}},"1":{"start":{"line":27,"column":17},"end":{"line":128,"column":1}},"2":{"start":{"line":28,"column":19},"end":{"line":28,"column":32}},"3":{"start":{"line":30,"column":2},"end":{"line":127,"column":4}},"4":{"start":{"line":37,"column":10},"end":{"line":37,"column":113}},"5":{"start":{"line":41,"column":10},"end":{"line":123,"column":17}}},"fnMap":{"0":{"name":"(anonymous_0)","decl":{"start":{"line":27,"column":17},"end":{"line":27,"column":18}},"loc":{"start":{"line":27,"column":23},"end":{"line":128,"column":1}},"line":27},"1":{"name":"(anonymous_1)","decl":{"start":{"line":36,"column":18},"end":{"line":36,"column":19}},"loc":{"start":{"line":36,"column":30},"end":{"line":38,"column":9}},"line":36},"2":{"name":"(anonymous_2)","decl":{"start":{"line":40,"column":9},"end":{"line":40,"column":10}},"loc":{"start":{"line":41,"column":10},"end":{"line":123,"column":17}},"line":41}},"branchMap":{"0":{"loc":{"start":{"line":56,"column":27},"end":{"line":56,"column":77}},"type":"cond-expr","locations":[{"start":{"line":56,"column":59},"end":{"line":56,"column":72}},{"start":{"line":56,"column":75},"end":{"line":56,"column":77}}],"line":56},"1":{"loc":{"start":{"line":56,"column":27},"end":{"line":56,"column":56}},"type":"binary-expr","locations":[{"start":{"line":56,"column":27},"end":{"line":56,"column":40}},{"start":{"line":56,"column":44},"end":{"line":56,"column":56}}],"line":56},"2":{"loc":{"start":{"line":79,"column":27},"end":{"line":79,"column":83}},"type":"cond-expr","locations":[{"start":{"line":79,"column":65},"end":{"line":79,"column":78}},{"start":{"line":79,"column":81},"end":{"line":79,"column":83}}],"line":79},"3":{"loc":{"start":{"line":79,"column":27},"end":{"line":79,"column":62}},"type":"binary-expr","locations":[{"start":{"line":79,"column":27},"end":{"line":79,"column":43}},{"start":{"line":79,"column":47},"end":{"line":79,"column":62}}],"line":79},"4":{"loc":{"start":{"line":102,"column":27},"end":{"line":102,"column":97}},"type":"cond-expr","locations":[{"start":{"line":102,"column":79},"end":{"line":102,"column":92}},{"start":{"line":102,"column":95},"end":{"line":102,"column":97}}],"line":102},"5":{"loc":{"start":{"line":102,"column":27},"end":{"line":102,"column":76}},"type":"binary-expr","locations":[{"start":{"line":102,"column":27},"end":{"line":102,"column":50}},{"start":{"line":102,"column":54},"end":{"line":102,"column":76}}],"line":102}},"s":{"0":1,"1":1,"2":2,"3":2,"4":1,"5":8},"f":{"0":2,"1":1,"2":8},"b":{"0":[0,8],"1":[8,3],"2":[0,8],"3":[8,3],"4":[0,8],"5":[8,3]},"_coverageSchema":"1a1c01bbd47fc00a2c39e90264f33305004495a9","hash":"705983c34874649dbe7b5534df0f24cf9c8fa391"}
,"/home/jenkler/Desktop/FrontendMentor/linkshare-app/linksharing-MERN-tailwind/server/client/src/components/ViewUser.jsx": {"path":"/home/jenkler/Desktop/FrontendMentor/linkshare-app/linksharing-MERN-tailwind/server/client/src/components/ViewUser.jsx","statementMap":{"0":{"start":{"line":22,"column":21},"end":{"line":22,"column":34}},"1":{"start":{"line":23,"column":22},"end":{"line":23,"column":33}},"2":{"start":{"line":24,"column":30},"end":{"line":24,"column":42}},"3":{"start":{"line":25,"column":28},"end":{"line":25,"column":42}},"4":{"start":{"line":27,"column":4},"end":{"line":38,"column":26}},"5":{"start":{"line":28,"column":26},"end":{"line":35,"column":9}},"6":{"start":{"line":29,"column":12},"end":{"line":34,"column":13}},"7":{"start":{"line":30,"column":37},"end":{"line":30,"column":74}},"8":{"start":{"line":31,"column":16},"end":{"line":31,"column":143}},"9":{"start":{"line":33,"column":16},"end":{"line":33,"column":61}},"10":{"start":{"line":37,"column":8},"end":{"line":37,"column":20}},"11":{"start":{"line":40,"column":4},"end":{"line":51,"column":19}},"12":{"start":{"line":41,"column":26},"end":{"line":48,"column":9}},"13":{"start":{"line":42,"column":12},"end":{"line":47,"column":13}},"14":{"start":{"line":43,"column":38},"end":{"line":43,"column":75}},"15":{"start":{"line":44,"column":16},"end":{"line":44,"column":57}},"16":{"start":{"line":46,"column":16},"end":{"line":46,"column":62}},"17":{"start":{"line":50,"column":8},"end":{"line":50,"column":20}},"18":{"start":{"line":53,"column":32},"end":{"line":60,"column":5}},"19":{"start":{"line":54,"column":21},"end":{"line":54,"column":23}},"20":{"start":{"line":55,"column":22},"end":{"line":55,"column":44}},"21":{"start":{"line":56,"column":8},"end":{"line":58,"column":9}},"22":{"start":{"line":56,"column":21},"end":{"line":56,"column":22}},"23":{"start":{"line":57,"column":12},"end":{"line":57,"column":52}},"24":{"start":{"line":59,"column":8},"end":{"line":59,"column":35}},"25":{"start":{"line":62,"column":4},"end":{"line":191,"column":6}},"26":{"start":{"line":81,"column":28},"end":{"line":166,"column":29}},"27":{"start":{"line":83,"column":36},"end":{"line":83,"column":54}},"28":{"start":{"line":84,"column":36},"end":{"line":84,"column":57}},"29":{"start":{"line":85,"column":36},"end":{"line":85,"column":42}},"30":{"start":{"line":87,"column":36},"end":{"line":87,"column":55}},"31":{"start":{"line":88,"column":36},"end":{"line":88,"column":55}},"32":{"start":{"line":89,"column":36},"end":{"line":89,"column":42}},"33":{"start":{"line":91,"column":36},"end":{"line":91,"column":56}},"34":{"start":{"line":92,"column":36},"end":{"line":92,"column":56}},"35":{"start":{"line":93,"column":36},"end":{"line":93,"column":42}},"36":{"start":{"line":95,"column":36},"end":{"line":95,"column":53}},"37":{"start":{"line":96,"column":36},"end":{"line":96,"column":60}},"38":{"start":{"line":97,"column":36},"end":{"line":97,"column":42}},"39":{"start":{"line":99,"column":36},"end":{"line":99,"column":56}},"40":{"start":{"line":100,"column":36},"end":{"line":100,"column":56}},"41":{"start":{"line":101,"column":36},"end":{"line":101,"column":42}},"42":{"start":{"line":103,"column":36},"end":{"line":103,"column":60}},"43":{"start":{"line":104,"column":36},"end":{"line":104,"column":62}},"44":{"start":{"line":105,"column":36},"end":{"line":105,"column":42}},"45":{"start":{"line":107,"column":36},"end":{"line":107,"column":58}},"46":{"start":{"line":108,"column":36},"end":{"line":108,"column":71}},"47":{"start":{"line":109,"column":36},"end":{"line":109,"column":42}},"48":{"start":{"line":111,"column":36},"end":{"line":111,"column":51}},"49":{"start":{"line":112,"column":36},"end":{"line":112,"column":59}},"50":{"start":{"line":113,"column":36},"end":{"line":113,"column":42}},"51":{"start":{"line":115,"column":36},"end":{"line":115,"column":52}},"52":{"start":{"line":116,"column":36},"end":{"line":116,"column":60}},"53":{"start":{"line":117,"column":36},"end":{"line":117,"column":42}},"54":{"start":{"line":119,"column":36},"end":{"line":119,"column":50}},"55":{"start":{"line":120,"column":36},"end":{"line":120,"column":58}},"56":{"start":{"line":121,"column":36},"end":{"line":121,"column":42}},"57":{"start":{"line":123,"column":36},"end":{"line":123,"column":50}},"58":{"start":{"line":124,"column":36},"end":{"line":124,"column":58}},"59":{"start":{"line":125,"column":36},"end":{"line":125,"column":42}},"60":{"start":{"line":127,"column":36},"end":{"line":127,"column":52}},"61":{"start":{"line":128,"column":36},"end":{"line":128,"column":60}},"62":{"start":{"line":129,"column":36},"end":{"line":129,"column":42}},"63":{"start":{"line":131,"column":36},"end":{"line":131,"column":52}},"64":{"start":{"line":132,"column":36},"end":{"line":132,"column":60}},"65":{"start":{"line":133,"column":36},"end":{"line":133,"column":42}},"66":{"start":{"line":135,"column":36},"end":{"line":135,"column":58}},"67":{"start":{"line":136,"column":36},"end":{"line":136,"column":71}},"68":{"start":{"line":137,"column":36},"end":{"line":137,"column":42}},"69":{"start":{"line":139,"column":36},"end":{"line":139,"column":51}},"70":{"start":{"line":140,"column":36},"end":{"line":140,"column":59}},"71":{"start":{"line":141,"column":36},"end":{"line":141,"column":42}},"72":{"start":{"line":143,"column":36},"end":{"line":143,"column":52}},"73":{"start":{"line":144,"column":36},"end":{"line":144,"column":60}},"74":{"start":{"line":145,"column":36},"end":{"line":145,"column":42}},"75":{"start":{"line":147,"column":36},"end":{"line":147,"column":50}},"76":{"start":{"line":148,"column":36},"end":{"line":148,"column":58}},"77":{"start":{"line":149,"column":36},"end":{"line":149,"column":42}},"78":{"start":{"line":151,"column":36},"end":{"line":151,"column":50}},"79":{"start":{"line":152,"column":36},"end":{"line":152,"column":58}},"80":{"start":{"line":153,"column":36},"end":{"line":153,"column":42}},"81":{"start":{"line":155,"column":36},"end":{"line":155,"column":52}},"82":{"start":{"line":156,"column":36},"end":{"line":156,"column":60}},"83":{"start":{"line":157,"column":36},"end":{"line":157,"column":42}},"84":{"start":{"line":159,"column":36},"end":{"line":159,"column":52}},"85":{"start":{"line":160,"column":36},"end":{"line":160,"column":60}},"86":{"start":{"line":161,"column":36},"end":{"line":161,"column":42}},"87":{"start":{"line":163,"column":36},"end":{"line":163,"column":48}},"88":{"start":{"line":164,"column":36},"end":{"line":164,"column":49}},"89":{"start":{"line":165,"column":36},"end":{"line":165,"column":42}},"90":{"start":{"line":168,"column":28},"end":{"line":184,"column":29}},"91":{"start":{"line":169,"column":32},"end":{"line":183,"column":34}},"92":{"start":{"line":185,"column":28},"end":{"line":185,"column":40}}},"fnMap":{"0":{"name":"ViewUser","decl":{"start":{"line":21,"column":9},"end":{"line":21,"column":17}},"loc":{"start":{"line":21,"column":20},"end":{"line":192,"column":1}},"line":21},"1":{"name":"(anonymous_1)","decl":{"start":{"line":27,"column":14},"end":{"line":27,"column":15}},"loc":{"start":{"line":27,"column":20},"end":{"line":38,"column":5}},"line":27},"2":{"name":"(anonymous_2)","decl":{"start":{"line":28,"column":26},"end":{"line":28,"column":27}},"loc":{"start":{"line":28,"column":38},"end":{"line":35,"column":9}},"line":28},"3":{"name":"(anonymous_3)","decl":{"start":{"line":40,"column":14},"end":{"line":40,"column":15}},"loc":{"start":{"line":40,"column":20},"end":{"line":51,"column":5}},"line":40},"4":{"name":"(anonymous_4)","decl":{"start":{"line":41,"column":26},"end":{"line":41,"column":27}},"loc":{"start":{"line":41,"column":38},"end":{"line":48,"column":9}},"line":41},"5":{"name":"(anonymous_5)","decl":{"start":{"line":53,"column":32},"end":{"line":53,"column":33}},"loc":{"start":{"line":53,"column":44},"end":{"line":60,"column":5}},"line":53},"6":{"name":"(anonymous_6)","decl":{"start":{"line":78,"column":34},"end":{"line":78,"column":35}},"loc":{"start":{"line":78,"column":51},"end":{"line":186,"column":25}},"line":78}},"branchMap":{"0":{"loc":{"start":{"line":66,"column":21},"end":{"line":66,"column":144}},"type":"binary-expr","locations":[{"start":{"line":66,"column":21},"end":{"line":66,"column":25}},{"start":{"line":66,"column":29},"end":{"line":66,"column":37}},{"start":{"line":66,"column":41},"end":{"line":66,"column":144}}],"line":66},"1":{"loc":{"start":{"line":70,"column":17},"end":{"line":75,"column":24}},"type":"cond-expr","locations":[{"start":{"line":71,"column":20},"end":{"line":74,"column":26}},{"start":{"line":75,"column":20},"end":{"line":75,"column":24}}],"line":70},"2":{"loc":{"start":{"line":77,"column":21},"end":{"line":187,"column":28}},"type":"cond-expr","locations":[{"start":{"line":78,"column":24},"end":{"line":186,"column":26}},{"start":{"line":187,"column":24},"end":{"line":187,"column":28}}],"line":77},"3":{"loc":{"start":{"line":81,"column":28},"end":{"line":166,"column":29}},"type":"switch","locations":[{"start":{"line":82,"column":32},"end":{"line":85,"column":42}},{"start":{"line":86,"column":32},"end":{"line":89,"column":42}},{"start":{"line":90,"column":32},"end":{"line":93,"column":42}},{"start":{"line":94,"column":32},"end":{"line":97,"column":42}},{"start":{"line":98,"column":32},"end":{"line":101,"column":42}},{"start":{"line":102,"column":32},"end":{"line":105,"column":42}},{"start":{"line":106,"column":32},"end":{"line":109,"column":42}},{"start":{"line":110,"column":32},"end":{"line":113,"column":42}},{"start":{"line":114,"column":32},"end":{"line":117,"column":42}},{"start":{"line":118,"column":32},"end":{"line":121,"column":42}},{"start":{"line":122,"column":32},"end":{"line":125,"column":42}},{"start":{"line":126,"column":32},"end":{"line":129,"column":42}},{"start":{"line":130,"column":32},"end":{"line":133,"column":42}},{"start":{"line":134,"column":32},"end":{"line":137,"column":42}},{"start":{"line":138,"column":32},"end":{"line":141,"column":42}},{"start":{"line":142,"column":32},"end":{"line":145,"column":42}},{"start":{"line":146,"column":32},"end":{"line":149,"column":42}},{"start":{"line":150,"column":32},"end":{"line":153,"column":42}},{"start":{"line":154,"column":32},"end":{"line":157,"column":42}},{"start":{"line":158,"column":32},"end":{"line":161,"column":42}},{"start":{"line":162,"column":32},"end":{"line":165,"column":42}}],"line":81},"4":{"loc":{"start":{"line":168,"column":28},"end":{"line":184,"column":29}},"type":"if","locations":[{"start":{"line":168,"column":28},"end":{"line":184,"column":29}},{"start":{},"end":{}}],"line":168}},"s":{"0":0,"1":0,"2":0,"3":0,"4":0,"5":0,"6":0,"7":0,"8":0,"9":0,"10":0,"11":0,"12":0,"13":0,"14":0,"15":0,"16":0,"17":0,"18":0,"19":0,"20":0,"21":0,"22":0,"23":0,"24":0,"25":0,"26":0,"27":0,"28":0,"29":0,"30":0,"31":0,"32":0,"33":0,"34":0,"35":0,"36":0,"37":0,"38":0,"39":0,"40":0,"41":0,"42":0,"43":0,"44":0,"45":0,"46":0,"47":0,"48":0,"49":0,"50":0,"51":0,"52":0,"53":0,"54":0,"55":0,"56":0,"57":0,"58":0,"59":0,"60":0,"61":0,"62":0,"63":0,"64":0,"65":0,"66":0,"67":0,"68":0,"69":0,"70":0,"71":0,"72":0,"73":0,"74":0,"75":0,"76":0,"77":0,"78":0,"79":0,"80":0,"81":0,"82":0,"83":0,"84":0,"85":0,"86":0,"87":0,"88":0,"89":0,"90":0,"91":0,"92":0},"f":{"0":0,"1":0,"2":0,"3":0,"4":0,"5":0,"6":0},"b":{"0":[0,0,0],"1":[0,0],"2":[0,0],"3":[0,0,0,0,0,0,0,0,0,0,0,0,0,0,0,0,0,0,0,0,0],"4":[0,0]}}
,"/home/jenkler/Desktop/FrontendMentor/linkshare-app/linksharing-MERN-tailwind/server/client/src/components/login.jsx": {"path":"/home/jenkler/Desktop/FrontendMentor/linkshare-app/linksharing-MERN-tailwind/server/client/src/components/login.jsx","statementMap":{"0":{"start":{"line":9,"column":21},"end":{"line":9,"column":34}},"1":{"start":{"line":10,"column":21},"end":{"line":10,"column":34}},"2":{"start":{"line":11,"column":18},"end":{"line":11,"column":58}},"3":{"start":{"line":11,"column":41},"end":{"line":11,"column":57}},"4":{"start":{"line":13,"column":36},"end":{"line":16,"column":6}},"5":{"start":{"line":18,"column":32},"end":{"line":18,"column":46}},"6":{"start":{"line":19,"column":30},"end":{"line":19,"column":44}},"7":{"start":{"line":21,"column":25},"end":{"line":44,"column":5}},"8":{"start":{"line":22,"column":8},"end":{"line":22,"column":27}},"9":{"start":{"line":23,"column":16},"end":{"line":23,"column":17}},"10":{"start":{"line":24,"column":8},"end":{"line":29,"column":9}},"11":{"start":{"line":25,"column":12},"end":{"line":25,"column":28}},"12":{"start":{"line":26,"column":12},"end":{"line":26,"column":19}},"13":{"start":{"line":28,"column":12},"end":{"line":28,"column":29}},"14":{"start":{"line":30,"column":8},"end":{"line":35,"column":9}},"15":{"start":{"line":31,"column":12},"end":{"line":31,"column":27}},"16":{"start":{"line":32,"column":12},"end":{"line":32,"column":19}},"17":{"start":{"line":34,"column":12},"end":{"line":34,"column":28}},"18":{"start":{"line":36,"column":8},"end":{"line":43,"column":9}},"19":{"start":{"line":37,"column":12},"end":{"line":42,"column":13}},"20":{"start":{"line":38,"column":16},"end":{"line":38,"column":52}},"21":{"start":{"line":39,"column":16},"end":{"line":39,"column":33}},"22":{"start":{"line":41,"column":16},"end":{"line":41,"column":53}},"23":{"start":{"line":46,"column":4},"end":{"line":53,"column":19}},"24":{"start":{"line":47,"column":22},"end":{"line":47,"column":51}},"25":{"start":{"line":48,"column":8},"end":{"line":52,"column":9}},"26":{"start":{"line":49,"column":12},"end":{"line":49,"column":29}},"27":{"start":{"line":51,"column":12},"end":{"line":51,"column":31}},"28":{"start":{"line":55,"column":25},"end":{"line":58,"column":5}},"29":{"start":{"line":56,"column":32},"end":{"line":56,"column":40}},"30":{"start":{"line":57,"column":8},"end":{"line":57,"column":52}},"31":{"start":{"line":60,"column":4},"end":{"line":107,"column":6}}},"fnMap":{"0":{"name":"Login","decl":{"start":{"line":8,"column":9},"end":{"line":8,"column":14}},"loc":{"start":{"line":8,"column":17},"end":{"line":108,"column":1}},"line":8},"1":{"name":"(anonymous_1)","decl":{"start":{"line":11,"column":30},"end":{"line":11,"column":31}},"loc":{"start":{"line":11,"column":41},"end":{"line":11,"column":57}},"line":11},"2":{"name":"(anonymous_2)","decl":{"start":{"line":21,"column":25},"end":{"line":21,"column":26}},"loc":{"start":{"line":21,"column":38},"end":{"line":44,"column":5}},"line":21},"3":{"name":"(anonymous_3)","decl":{"start":{"line":46,"column":14},"end":{"line":46,"column":15}},"loc":{"start":{"line":46,"column":20},"end":{"line":53,"column":5}},"line":46},"4":{"name":"(anonymous_4)","decl":{"start":{"line":55,"column":25},"end":{"line":55,"column":26}},"loc":{"start":{"line":55,"column":32},"end":{"line":58,"column":5}},"line":55}},"branchMap":{"0":{"loc":{"start":{"line":24,"column":8},"end":{"line":29,"column":9}},"type":"if","locations":[{"start":{"line":24,"column":8},"end":{"line":29,"column":9}},{"start":{"line":27,"column":15},"end":{"line":29,"column":9}}],"line":24},"1":{"loc":{"start":{"line":30,"column":8},"end":{"line":35,"column":9}},"type":"if","locations":[{"start":{"line":30,"column":8},"end":{"line":35,"column":9}},{"start":{"line":33,"column":15},"end":{"line":35,"column":9}}],"line":30},"2":{"loc":{"start":{"line":36,"column":8},"end":{"line":43,"column":9}},"type":"if","locations":[{"start":{"line":36,"column":8},"end":{"line":43,"column":9}},{"start":{},"end":{}}],"line":36},"3":{"loc":{"start":{"line":48,"column":8},"end":{"line":52,"column":9}},"type":"if","locations":[{"start":{"line":48,"column":8},"end":{"line":52,"column":9}},{"start":{"line":50,"column":15},"end":{"line":52,"column":9}}],"line":48},"4":{"loc":{"start":{"line":70,"column":72},"end":{"line":70,"column":97}},"type":"cond-expr","locations":[{"start":{"line":70,"column":82},"end":{"line":70,"column":92}},{"start":{"line":70,"column":95},"end":{"line":70,"column":97}}],"line":70},"5":{"loc":{"start":{"line":72,"column":205},"end":{"line":72,"column":251}},"type":"cond-expr","locations":[{"start":{"line":72,"column":215},"end":{"line":72,"column":246}},{"start":{"line":72,"column":249},"end":{"line":72,"column":251}}],"line":72},"6":{"loc":{"start":{"line":79,"column":25},"end":{"line":79,"column":119}},"type":"binary-expr","locations":[{"start":{"line":79,"column":25},"end":{"line":79,"column":32}},{"start":{"line":79,"column":36},"end":{"line":79,"column":119}}],"line":79},"7":{"loc":{"start":{"line":80,"column":25},"end":{"line":80,"column":141}},"type":"binary-expr","locations":[{"start":{"line":80,"column":25},"end":{"line":80,"column":32}},{"start":{"line":80,"column":36},"end":{"line":80,"column":141}}],"line":80},"8":{"loc":{"start":{"line":83,"column":72},"end":{"line":83,"column":96}},"type":"cond-expr","locations":[{"start":{"line":83,"column":81},"end":{"line":83,"column":91}},{"start":{"line":83,"column":94},"end":{"line":83,"column":96}}],"line":83},"9":{"loc":{"start":{"line":83,"column":100},"end":{"line":83,"column":173}},"type":"cond-expr","locations":[{"start":{"line":83,"column":158},"end":{"line":83,"column":168}},{"start":{"line":83,"column":171},"end":{"line":83,"column":173}}],"line":83},"10":{"loc":{"start":{"line":85,"column":199},"end":{"line":85,"column":244}},"type":"cond-expr","locations":[{"start":{"line":85,"column":208},"end":{"line":85,"column":239}},{"start":{"line":85,"column":242},"end":{"line":85,"column":244}}],"line":85},"11":{"loc":{"start":{"line":85,"column":248},"end":{"line":85,"column":342}},"type":"cond-expr","locations":[{"start":{"line":85,"column":306},"end":{"line":85,"column":337}},{"start":{"line":85,"column":340},"end":{"line":85,"column":342}}],"line":85},"12":{"loc":{"start":{"line":92,"column":25},"end":{"line":92,"column":118}},"type":"binary-expr","locations":[{"start":{"line":92,"column":25},"end":{"line":92,"column":31}},{"start":{"line":92,"column":35},"end":{"line":92,"column":118}}],"line":92},"13":{"loc":{"start":{"line":93,"column":25},"end":{"line":93,"column":175}},"type":"binary-expr","locations":[{"start":{"line":93,"column":25},"end":{"line":93,"column":80}},{"start":{"line":93,"column":84},"end":{"line":93,"column":175}}],"line":93},"14":{"loc":{"start":{"line":94,"column":25},"end":{"line":94,"column":140}},"type":"binary-expr","locations":[{"start":{"line":94,"column":25},"end":{"line":94,"column":31}},{"start":{"line":94,"column":35},"end":{"line":94,"column":140}}],"line":94},"15":{"loc":{"start":{"line":95,"column":25},"end":{"line":95,"column":197}},"type":"binary-expr","locations":[{"start":{"line":95,"column":25},"end":{"line":95,"column":80}},{"start":{"line":95,"column":84},"end":{"line":95,"column":197}}],"line":95}},"s":{"0":0,"1":0,"2":0,"3":0,"4":0,"5":0,"6":0,"7":0,"8":0,"9":0,"10":0,"11":0,"12":0,"13":0,"14":0,"15":0,"16":0,"17":0,"18":0,"19":0,"20":0,"21":0,"22":0,"23":0,"24":0,"25":0,"26":0,"27":0,"28":0,"29":0,"30":0,"31":0},"f":{"0":0,"1":0,"2":0,"3":0,"4":0},"b":{"0":[0,0],"1":[0,0],"2":[0,0],"3":[0,0],"4":[0,0],"5":[0,0],"6":[0,0],"7":[0,0],"8":[0,0],"9":[0,0],"10":[0,0],"11":[0,0],"12":[0,0],"13":[0,0],"14":[0,0],"15":[0,0]}}
,"/home/jenkler/Desktop/FrontendMentor/linkshare-app/linksharing-MERN-tailwind/server/client/src/features/rootReducer.js": {"path":"/home/jenkler/Desktop/FrontendMentor/linkshare-app/linksharing-MERN-tailwind/server/client/src/features/rootReducer.js","statementMap":{"0":{"start":{"line":5,"column":20},"end":{"line":8,"column":4}}},"fnMap":{},"branchMap":{},"s":{"0":0},"f":{},"b":{}}
,"/home/jenkler/Desktop/FrontendMentor/linkshare-app/linksharing-MERN-tailwind/server/client/src/features/links/linksSlice.js": {"path":"/home/jenkler/Desktop/FrontendMentor/linkshare-app/linksharing-MERN-tailwind/server/client/src/features/links/linksSlice.js","statementMap":{"0":{"start":{"line":3,"column":30},"end":{"line":18,"column":1}},"1":{"start":{"line":6,"column":8},"end":{"line":16,"column":9}},"2":{"start":{"line":7,"column":29},"end":{"line":7,"column":116}},"3":{"start":{"line":8,"column":12},"end":{"line":11,"column":13}},"4":{"start":{"line":9,"column":34},"end":{"line":9,"column":55}},"5":{"start":{"line":10,"column":16},"end":{"line":10,"column":87}},"6":{"start":{"line":12,"column":25},"end":{"line":12,"column":46}},"7":{"start":{"line":13,"column":12},"end":{"line":13,"column":24}},"8":{"start":{"line":15,"column":12},"end":{"line":15,"column":24}},"9":{"start":{"line":20,"column":26},"end":{"line":41,"column":1}},"10":{"start":{"line":23,"column":22},"end":{"line":23,"column":51}},"11":{"start":{"line":24,"column":25},"end":{"line":28,"column":10}},"12":{"start":{"line":29,"column":8},"end":{"line":35,"column":9}},"13":{"start":{"line":30,"column":12},"end":{"line":32,"column":13}},"14":{"start":{"line":31,"column":16},"end":{"line":31,"column":49}},"15":{"start":{"line":33,"column":30},"end":{"line":33,"column":51}},"16":{"start":{"line":34,"column":12},"end":{"line":34,"column":74}},"17":{"start":{"line":37,"column":21},"end":{"line":37,"column":42}},"18":{"start":{"line":38,"column":8},"end":{"line":38,"column":55}},"19":{"start":{"line":39,"column":8},"end":{"line":39,"column":26}},"20":{"start":{"line":43,"column":24},"end":{"line":72,"column":1}},"21":{"start":{"line":46,"column":8},"end":{"line":70,"column":9}},"22":{"start":{"line":47,"column":12},"end":{"line":47,"column":47}},"23":{"start":{"line":48,"column":26},"end":{"line":48,"column":55}},"24":{"start":{"line":49,"column":29},"end":{"line":56,"column":14}},"25":{"start":{"line":57,"column":12},"end":{"line":63,"column":13}},"26":{"start":{"line":58,"column":16},"end":{"line":60,"column":17}},"27":{"start":{"line":59,"column":20},"end":{"line":59,"column":53}},"28":{"start":{"line":61,"column":34},"end":{"line":61,"column":55}},"29":{"start":{"line":62,"column":16},"end":{"line":62,"column":75}},"30":{"start":{"line":64,"column":33},"end":{"line":64,"column":54}},"31":{"start":{"line":65,"column":12},"end":{"line":65,"column":49}},"32":{"start":{"line":66,"column":12},"end":{"line":66,"column":32}},"33":{"start":{"line":68,"column":12},"end":{"line":68,"column":62}},"34":{"start":{"line":69,"column":12},"end":{"line":69,"column":24}},"35":{"start":{"line":74,"column":21},"end":{"line":78,"column":1}},"36":{"start":{"line":80,"column":26},"end":{"line":96,"column":2}},"37":{"start":{"line":85,"column":12},"end":{"line":85,"column":33}},"38":{"start":{"line":86,"column":12},"end":{"line":86,"column":31}},"39":{"start":{"line":89,"column":12},"end":{"line":89,"column":34}},"40":{"start":{"line":92,"column":12},"end":{"line":92,"column":34}},"41":{"start":{"line":93,"column":12},"end":{"line":93,"column":41}},"42":{"start":{"line":98,"column":67},"end":{"line":98,"column":85}}},"fnMap":{"0":{"name":"(anonymous_0)","decl":{"start":{"line":5,"column":4},"end":{"line":5,"column":5}},"loc":{"start":{"line":5,"column":31},"end":{"line":17,"column":5}},"line":5},"1":{"name":"(anonymous_1)","decl":{"start":{"line":22,"column":4},"end":{"line":22,"column":5}},"loc":{"start":{"line":22,"column":27},"end":{"line":40,"column":5}},"line":22},"2":{"name":"(anonymous_2)","decl":{"start":{"line":45,"column":4},"end":{"line":45,"column":5}},"loc":{"start":{"line":45,"column":34},"end":{"line":71,"column":5}},"line":45},"3":{"name":"(anonymous_3)","decl":{"start":{"line":84,"column":8},"end":{"line":84,"column":9}},"loc":{"start":{"line":84,"column":29},"end":{"line":87,"column":9}},"line":84},"4":{"name":"(anonymous_4)","decl":{"start":{"line":88,"column":8},"end":{"line":88,"column":9}},"loc":{"start":{"line":88,"column":31},"end":{"line":90,"column":9}},"line":88},"5":{"name":"(anonymous_5)","decl":{"start":{"line":91,"column":8},"end":{"line":91,"column":9}},"loc":{"start":{"line":91,"column":39},"end":{"line":94,"column":9}},"line":91}},"branchMap":{"0":{"loc":{"start":{"line":8,"column":12},"end":{"line":11,"column":13}},"type":"if","locations":[{"start":{"line":8,"column":12},"end":{"line":11,"column":13}},{"start":{},"end":{}}],"line":8},"1":{"loc":{"start":{"line":10,"column":32},"end":{"line":10,"column":85}},"type":"binary-expr","locations":[{"start":{"line":10,"column":32},"end":{"line":10,"column":49}},{"start":{"line":10,"column":53},"end":{"line":10,"column":85}}],"line":10},"2":{"loc":{"start":{"line":29,"column":8},"end":{"line":35,"column":9}},"type":"if","locations":[{"start":{"line":29,"column":8},"end":{"line":35,"column":9}},{"start":{},"end":{}}],"line":29},"3":{"loc":{"start":{"line":30,"column":12},"end":{"line":32,"column":13}},"type":"if","locations":[{"start":{"line":30,"column":12},"end":{"line":32,"column":13}},{"start":{},"end":{}}],"line":30},"4":{"loc":{"start":{"line":34,"column":28},"end":{"line":34,"column":72}},"type":"binary-expr","locations":[{"start":{"line":34,"column":28},"end":{"line":34,"column":45}},{"start":{"line":34,"column":49},"end":{"line":34,"column":72}}],"line":34},"5":{"loc":{"start":{"line":57,"column":12},"end":{"line":63,"column":13}},"type":"if","locations":[{"start":{"line":57,"column":12},"end":{"line":63,"column":13}},{"start":{},"end":{}}],"line":57},"6":{"loc":{"start":{"line":58,"column":16},"end":{"line":60,"column":17}},"type":"if","locations":[{"start":{"line":58,"column":16},"end":{"line":60,"column":17}},{"start":{},"end":{}}],"line":58},"7":{"loc":{"start":{"line":62,"column":32},"end":{"line":62,"column":73}},"type":"binary-expr","locations":[{"start":{"line":62,"column":32},"end":{"line":62,"column":49}},{"start":{"line":62,"column":53},"end":{"line":62,"column":73}}],"line":62}},"s":{"0":0,"1":0,"2":0,"3":0,"4":0,"5":0,"6":0,"7":0,"8":0,"9":0,"10":0,"11":0,"12":0,"13":0,"14":0,"15":0,"16":0,"17":0,"18":0,"19":0,"20":0,"21":0,"22":0,"23":0,"24":0,"25":0,"26":0,"27":0,"28":0,"29":0,"30":0,"31":0,"32":0,"33":0,"34":0,"35":0,"36":0,"37":0,"38":0,"39":0,"40":0,"41":0,"42":0},"f":{"0":0,"1":0,"2":0,"3":0,"4":0,"5":0},"b":{"0":[0,0],"1":[0,0],"2":[0,0],"3":[0,0],"4":[0,0],"5":[0,0],"6":[0,0],"7":[0,0]}}
,"/home/jenkler/Desktop/FrontendMentor/linkshare-app/linksharing-MERN-tailwind/server/client/src/features/user/userSlice.js": {"path":"/home/jenkler/Desktop/FrontendMentor/linkshare-app/linksharing-MERN-tailwind/server/client/src/features/user/userSlice.js","statementMap":{"0":{"start":{"line":3,"column":30},"end":{"line":18,"column":1}},"1":{"start":{"line":6,"column":6},"end":{"line":16,"column":7}},"2":{"start":{"line":7,"column":25},"end":{"line":7,"column":116}},"3":{"start":{"line":8,"column":8},"end":{"line":11,"column":9}},"4":{"start":{"line":9,"column":28},"end":{"line":9,"column":49}},"5":{"start":{"line":10,"column":10},"end":{"line":10,"column":80}},"6":{"start":{"line":12,"column":21},"end":{"line":12,"column":42}},"7":{"start":{"line":13,"column":8},"end":{"line":13,"column":20}},"8":{"start":{"line":15,"column":8},"end":{"line":15,"column":20}},"9":{"start":{"line":20,"column":30},"end":{"line":39,"column":1}},"10":{"start":{"line":23,"column":18},"end":{"line":23,"column":47}},"11":{"start":{"line":24,"column":21},"end":{"line":28,"column":6}},"12":{"start":{"line":29,"column":4},"end":{"line":35,"column":5}},"13":{"start":{"line":30,"column":6},"end":{"line":32,"column":7}},"14":{"start":{"line":31,"column":8},"end":{"line":31,"column":41}},"15":{"start":{"line":33,"column":24},"end":{"line":33,"column":45}},"16":{"start":{"line":34,"column":6},"end":{"line":34,"column":67}},"17":{"start":{"line":36,"column":17},"end":{"line":36,"column":38}},"18":{"start":{"line":37,"column":4},"end":{"line":37,"column":16}},"19":{"start":{"line":41,"column":28},"end":{"line":65,"column":1}},"20":{"start":{"line":44,"column":4},"end":{"line":63,"column":5}},"21":{"start":{"line":45,"column":6},"end":{"line":45,"column":41}},"22":{"start":{"line":47,"column":23},"end":{"line":53,"column":8}},"23":{"start":{"line":54,"column":6},"end":{"line":57,"column":7}},"24":{"start":{"line":55,"column":26},"end":{"line":55,"column":47}},"25":{"start":{"line":56,"column":8},"end":{"line":56,"column":71}},"26":{"start":{"line":58,"column":6},"end":{"line":58,"column":43}},"27":{"start":{"line":59,"column":6},"end":{"line":59,"column":35}},"28":{"start":{"line":61,"column":6},"end":{"line":61,"column":56}},"29":{"start":{"line":62,"column":6},"end":{"line":62,"column":18}},"30":{"start":{"line":67,"column":25},"end":{"line":102,"column":1}},"31":{"start":{"line":70,"column":4},"end":{"line":100,"column":5}},"32":{"start":{"line":71,"column":6},"end":{"line":71,"column":38}},"33":{"start":{"line":73,"column":23},"end":{"line":79,"column":8}},"34":{"start":{"line":81,"column":6},"end":{"line":84,"column":7}},"35":{"start":{"line":82,"column":8},"end":{"line":82,"column":67}},"36":{"start":{"line":83,"column":8},"end":{"line":83,"column":71}},"37":{"start":{"line":86,"column":6},"end":{"line":89,"column":7}},"38":{"start":{"line":87,"column":26},"end":{"line":87,"column":47}},"39":{"start":{"line":88,"column":8},"end":{"line":88,"column":64}},"40":{"start":{"line":91,"column":24},"end":{"line":91,"column":45}},"41":{"start":{"line":93,"column":6},"end":{"line":93,"column":43}},"42":{"start":{"line":95,"column":6},"end":{"line":95,"column":43}},"43":{"start":{"line":96,"column":6},"end":{"line":96,"column":35}},"44":{"start":{"line":98,"column":6},"end":{"line":98,"column":56}},"45":{"start":{"line":99,"column":6},"end":{"line":99,"column":18}},"46":{"start":{"line":104,"column":26},"end":{"line":147,"column":1}},"47":{"start":{"line":107,"column":4},"end":{"line":145,"column":5}},"48":{"start":{"line":108,"column":6},"end":{"line":108,"column":39}},"49":{"start":{"line":110,"column":20},"end":{"line":110,"column":49}},"50":{"start":{"line":112,"column":23},"end":{"line":112,"column":37}},"51":{"start":{"line":114,"column":6},"end":{"line":116,"column":7}},"52":{"start":{"line":115,"column":8},"end":{"line":115,"column":45}},"53":{"start":{"line":119,"column":6},"end":{"line":119,"column":55}},"54":{"start":{"line":120,"column":6},"end":{"line":120,"column":53}},"55":{"start":{"line":121,"column":6},"end":{"line":121,"column":47}},"56":{"start":{"line":123,"column":23},"end":{"line":130,"column":8}},"57":{"start":{"line":132,"column":6},"end":{"line":138,"column":7}},"58":{"start":{"line":133,"column":8},"end":{"line":135,"column":9}},"59":{"start":{"line":134,"column":10},"end":{"line":134,"column":43}},"60":{"start":{"line":136,"column":26},"end":{"line":136,"column":47}},"61":{"start":{"line":137,"column":8},"end":{"line":137,"column":70}},"62":{"start":{"line":140,"column":25},"end":{"line":140,"column":46}},"63":{"start":{"line":141,"column":6},"end":{"line":141,"column":24}},"64":{"start":{"line":144,"column":6},"end":{"line":144,"column":64}},"65":{"start":{"line":149,"column":21},"end":{"line":152,"column":1}},"66":{"start":{"line":154,"column":25},"end":{"line":192,"column":2}},"67":{"start":{"line":159,"column":6},"end":{"line":159,"column":27}},"68":{"start":{"line":160,"column":6},"end":{"line":160,"column":25}},"69":{"start":{"line":163,"column":6},"end":{"line":163,"column":28}},"70":{"start":{"line":166,"column":6},"end":{"line":166,"column":28}},"71":{"start":{"line":167,"column":6},"end":{"line":167,"column":35}},"72":{"start":{"line":170,"column":6},"end":{"line":170,"column":27}},"73":{"start":{"line":171,"column":6},"end":{"line":171,"column":25}},"74":{"start":{"line":174,"column":6},"end":{"line":174,"column":28}},"75":{"start":{"line":177,"column":6},"end":{"line":177,"column":28}},"76":{"start":{"line":178,"column":6},"end":{"line":178,"column":35}},"77":{"start":{"line":181,"column":6},"end":{"line":181,"column":27}},"78":{"start":{"line":182,"column":6},"end":{"line":182,"column":25}},"79":{"start":{"line":185,"column":6},"end":{"line":185,"column":28}},"80":{"start":{"line":188,"column":6},"end":{"line":188,"column":28}},"81":{"start":{"line":189,"column":6},"end":{"line":189,"column":35}},"82":{"start":{"line":194,"column":150},"end":{"line":194,"column":167}}},"fnMap":{"0":{"name":"(anonymous_0)","decl":{"start":{"line":5,"column":4},"end":{"line":5,"column":5}},"loc":{"start":{"line":5,"column":31},"end":{"line":17,"column":5}},"line":5},"1":{"name":"(anonymous_1)","decl":{"start":{"line":22,"column":2},"end":{"line":22,"column":3}},"loc":{"start":{"line":22,"column":25},"end":{"line":38,"column":3}},"line":22},"2":{"name":"(anonymous_2)","decl":{"start":{"line":43,"column":2},"end":{"line":43,"column":3}},"loc":{"start":{"line":43,"column":32},"end":{"line":64,"column":3}},"line":43},"3":{"name":"(anonymous_3)","decl":{"start":{"line":69,"column":2},"end":{"line":69,"column":3}},"loc":{"start":{"line":69,"column":32},"end":{"line":101,"column":3}},"line":69},"4":{"name":"(anonymous_4)","decl":{"start":{"line":106,"column":2},"end":{"line":106,"column":3}},"loc":{"start":{"line":106,"column":32},"end":{"line":146,"column":3}},"line":106},"5":{"name":"(anonymous_5)","decl":{"start":{"line":158,"column":4},"end":{"line":158,"column":5}},"loc":{"start":{"line":158,"column":25},"end":{"line":161,"column":5}},"line":158},"6":{"name":"(anonymous_6)","decl":{"start":{"line":162,"column":4},"end":{"line":162,"column":5}},"loc":{"start":{"line":162,"column":27},"end":{"line":164,"column":5}},"line":162},"7":{"name":"(anonymous_7)","decl":{"start":{"line":165,"column":4},"end":{"line":165,"column":5}},"loc":{"start":{"line":165,"column":35},"end":{"line":168,"column":5}},"line":165},"8":{"name":"(anonymous_8)","decl":{"start":{"line":169,"column":4},"end":{"line":169,"column":5}},"loc":{"start":{"line":169,"column":22},"end":{"line":172,"column":5}},"line":169},"9":{"name":"(anonymous_9)","decl":{"start":{"line":173,"column":4},"end":{"line":173,"column":5}},"loc":{"start":{"line":173,"column":24},"end":{"line":175,"column":5}},"line":173},"10":{"name":"(anonymous_10)","decl":{"start":{"line":176,"column":4},"end":{"line":176,"column":5}},"loc":{"start":{"line":176,"column":32},"end":{"line":179,"column":5}},"line":176},"11":{"name":"(anonymous_11)","decl":{"start":{"line":180,"column":4},"end":{"line":180,"column":5}},"loc":{"start":{"line":180,"column":23},"end":{"line":183,"column":5}},"line":180},"12":{"name":"(anonymous_12)","decl":{"start":{"line":184,"column":4},"end":{"line":184,"column":5}},"loc":{"start":{"line":184,"column":25},"end":{"line":186,"column":5}},"line":184},"13":{"name":"(anonymous_13)","decl":{"start":{"line":187,"column":4},"end":{"line":187,"column":5}},"loc":{"start":{"line":187,"column":33},"end":{"line":190,"column":5}},"line":187}},"branchMap":{"0":{"loc":{"start":{"line":8,"column":8},"end":{"line":11,"column":9}},"type":"if","locations":[{"start":{"line":8,"column":8},"end":{"line":11,"column":9}},{"start":{},"end":{}}],"line":8},"1":{"loc":{"start":{"line":10,"column":26},"end":{"line":10,"column":78}},"type":"binary-expr","locations":[{"start":{"line":10,"column":26},"end":{"line":10,"column":43}},{"start":{"line":10,"column":47},"end":{"line":10,"column":78}}],"line":10},"2":{"loc":{"start":{"line":29,"column":4},"end":{"line":35,"column":5}},"type":"if","locations":[{"start":{"line":29,"column":4},"end":{"line":35,"column":5}},{"start":{},"end":{}}],"line":29},"3":{"loc":{"start":{"line":30,"column":6},"end":{"line":32,"column":7}},"type":"if","locations":[{"start":{"line":30,"column":6},"end":{"line":32,"column":7}},{"start":{},"end":{}}],"line":30},"4":{"loc":{"start":{"line":34,"column":22},"end":{"line":34,"column":65}},"type":"binary-expr","locations":[{"start":{"line":34,"column":22},"end":{"line":34,"column":39}},{"start":{"line":34,"column":43},"end":{"line":34,"column":65}}],"line":34},"5":{"loc":{"start":{"line":54,"column":6},"end":{"line":57,"column":7}},"type":"if","locations":[{"start":{"line":54,"column":6},"end":{"line":57,"column":7}},{"start":{},"end":{}}],"line":54},"6":{"loc":{"start":{"line":56,"column":24},"end":{"line":56,"column":70}},"type":"binary-expr","locations":[{"start":{"line":56,"column":24},"end":{"line":56,"column":41}},{"start":{"line":56,"column":45},"end":{"line":56,"column":70}}],"line":56},"7":{"loc":{"start":{"line":81,"column":6},"end":{"line":84,"column":7}},"type":"if","locations":[{"start":{"line":81,"column":6},"end":{"line":84,"column":7}},{"start":{},"end":{}}],"line":81},"8":{"loc":{"start":{"line":86,"column":6},"end":{"line":89,"column":7}},"type":"if","locations":[{"start":{"line":86,"column":6},"end":{"line":89,"column":7}},{"start":{},"end":{}}],"line":86},"9":{"loc":{"start":{"line":88,"column":24},"end":{"line":88,"column":62}},"type":"binary-expr","locations":[{"start":{"line":88,"column":24},"end":{"line":88,"column":41}},{"start":{"line":88,"column":45},"end":{"line":88,"column":62}}],"line":88},"10":{"loc":{"start":{"line":114,"column":6},"end":{"line":116,"column":7}},"type":"if","locations":[{"start":{"line":114,"column":6},"end":{"line":116,"column":7}},{"start":{},"end":{}}],"line":114},"11":{"loc":{"start":{"line":132,"column":6},"end":{"line":138,"column":7}},"type":"if","locations":[{"start":{"line":132,"column":6},"end":{"line":138,"column":7}},{"start":{},"end":{}}],"line":132},"12":{"loc":{"start":{"line":133,"column":8},"end":{"line":135,"column":9}},"type":"if","locations":[{"start":{"line":133,"column":8},"end":{"line":135,"column":9}},{"start":{},"end":{}}],"line":133},"13":{"loc":{"start":{"line":137,"column":24},"end":{"line":137,"column":68}},"type":"binary-expr","locations":[{"start":{"line":137,"column":24},"end":{"line":137,"column":41}},{"start":{"line":137,"column":45},"end":{"line":137,"column":68}}],"line":137}},"s":{"0":1,"1":0,"2":0,"3":0,"4":0,"5":0,"6":0,"7":0,"8":0,"9":1,"10":0,"11":0,"12":0,"13":0,"14":0,"15":0,"16":0,"17":0,"18":0,"19":1,"20":0,"21":0,"22":0,"23":0,"24":0,"25":0,"26":0,"27":0,"28":0,"29":0,"30":1,"31":0,"32":0,"33":0,"34":0,"35":0,"36":0,"37":0,"38":0,"39":0,"40":0,"41":0,"42":0,"43":0,"44":0,"45":0,"46":1,"47":0,"48":0,"49":0,"50":0,"51":0,"52":0,"53":0,"54":0,"55":0,"56":0,"57":0,"58":0,"59":0,"60":0,"61":0,"62":0,"63":0,"64":0,"65":1,"66":1,"67":0,"68":0,"69":0,"70":0,"71":0,"72":0,"73":0,"74":0,"75":0,"76":0,"77":0,"78":0,"79":0,"80":0,"81":0,"82":1},"f":{"0":0,"1":0,"2":0,"3":0,"4":0,"5":0,"6":0,"7":0,"8":0,"9":0,"10":0,"11":0,"12":0,"13":0},"b":{"0":[0,0],"1":[0,0],"2":[0,0],"3":[0,0],"4":[0,0],"5":[0,0],"6":[0,0],"7":[0,0],"8":[0,0],"9":[0,0],"10":[0,0],"11":[0,0],"12":[0,0],"13":[0,0]},"_coverageSchema":"1a1c01bbd47fc00a2c39e90264f33305004495a9","hash":"475e46107ec34d391edbb07efca7b9ae44879296"}
}
