TN:
SF:src/main.jsx
FN:15,(anonymous_0)
FN:22,(anonymous_1)
FNF:2
FNH:0
FNDA:0,(anonymous_0)
FNDA:0,(anonymous_1)
DA:15,0
DA:18,0
DA:22,0
DA:23,0
DA:25,0
DA:28,0
DA:31,0
DA:58,0
LF:8
LH:0
BRDA:23,0,0,0
BRDA:23,0,1,0
BRDA:23,1,0,0
BRDA:23,1,1,0
BRDA:23,1,2,0
BRF:5
BRH:0
end_of_record
TN:
SF:src/app/store.js
FNF:0
FNH:0
DA:4,0
LF:1
LH:0
BRF:0
BRH:0
end_of_record
TN:
SF:src/components/AddLinkPage.jsx
FN:24,AddLinkPage
FN:30,(anonymous_1)
FN:31,(anonymous_2)
FN:44,(anonymous_3)
FN:45,(anonymous_4)
FN:57,(anonymous_5)
FN:58,(anonymous_6)
FN:64,(anonymous_7)
FN:72,(anonymous_8)
FN:78,(anonymous_9)
FN:80,(anonymous_10)
FN:93,(anonymous_11)
FN:102,(anonymous_12)
FN:106,(anonymous_13)
FN:110,(anonymous_14)
FN:131,(anonymous_15)
FN:256,(anonymous_16)
FN:260,(anonymous_17)
FN:262,(anonymous_18)
FN:269,(anonymous_19)
FN:277,(anonymous_20)
FNF:21
FNH:0
FNDA:0,AddLinkPage
FNDA:0,(anonymous_1)
FNDA:0,(anonymous_2)
FNDA:0,(anonymous_3)
FNDA:0,(anonymous_4)
FNDA:0,(anonymous_5)
FNDA:0,(anonymous_6)
FNDA:0,(anonymous_7)
FNDA:0,(anonymous_8)
FNDA:0,(anonymous_9)
FNDA:0,(anonymous_10)
FNDA:0,(anonymous_11)
FNDA:0,(anonymous_12)
FNDA:0,(anonymous_13)
FNDA:0,(anonymous_14)
FNDA:0,(anonymous_15)
FNDA:0,(anonymous_16)
FNDA:0,(anonymous_17)
FNDA:0,(anonymous_18)
FNDA:0,(anonymous_19)
FNDA:0,(anonymous_20)
DA:25,0
DA:26,0
DA:27,0
DA:28,0
DA:30,0
DA:31,0
DA:32,0
DA:33,0
DA:34,0
DA:36,0
DA:39,0
DA:42,0
DA:44,0
DA:45,0
DA:46,0
DA:47,0
DA:48,0
DA:50,0
DA:54,0
DA:57,0
DA:58,0
DA:64,0
DA:65,0
DA:66,0
DA:67,0
DA:68,0
DA:69,0
DA:72,0
DA:73,0
DA:74,0
DA:75,0
DA:78,0
DA:79,0
DA:80,0
DA:81,0
DA:82,0
DA:84,0
DA:85,0
DA:87,0
DA:93,0
DA:94,0
DA:95,0
DA:96,0
DA:97,0
DA:99,0
DA:102,0
DA:103,0
DA:106,0
DA:107,0
DA:110,0
DA:111,0
DA:112,0
DA:113,0
DA:116,0
DA:119,0
DA:121,0
DA:124,0
DA:132,0
DA:257,0
DA:260,0
DA:262,0
DA:269,0
DA:277,0
LF:63
LH:0
BRDA:80,0,0,0
BRDA:80,0,1,0
BRDA:81,1,0,0
BRDA:81,1,1,0
BRDA:128,2,0,0
BRDA:128,2,1,0
BRDA:129,3,0,0
BRDA:129,3,1,0
BRDA:129,4,0,0
BRDA:129,4,1,0
BRDA:130,5,0,0
BRDA:130,5,1,0
BRDA:131,6,0,0
BRDA:131,6,1,0
BRDA:133,7,0,0
BRDA:133,7,1,0
BRDA:141,8,0,0
BRDA:141,8,1,0
BRDA:149,9,0,0
BRDA:149,9,1,0
BRDA:157,10,0,0
BRDA:157,10,1,0
BRDA:165,11,0,0
BRDA:165,11,1,0
BRDA:173,12,0,0
BRDA:173,12,1,0
BRDA:181,13,0,0
BRDA:181,13,1,0
BRDA:189,14,0,0
BRDA:189,14,1,0
BRDA:197,15,0,0
BRDA:197,15,1,0
BRDA:205,16,0,0
BRDA:205,16,1,0
BRDA:213,17,0,0
BRDA:213,17,1,0
BRDA:221,18,0,0
BRDA:221,18,1,0
BRDA:229,19,0,0
BRDA:229,19,1,0
BRDA:248,20,0,0
BRDA:248,20,1,0
BRDA:256,21,0,0
BRDA:256,21,1,0
BRDA:276,22,0,0
BRDA:276,22,1,0
BRDA:276,23,0,0
BRDA:276,23,1,0
BRDA:277,24,0,0
BRDA:277,24,1,0
BRDA:277,25,0,0
BRDA:277,25,1,0
BRDA:278,26,0,0
BRDA:278,26,1,0
BRDA:283,27,0,0
BRDA:283,27,1,0
BRF:56
BRH:0
end_of_record
TN:
SF:src/components/App.jsx
FN:7,App
FNF:1
FNH:0
FNDA:0,App
DA:8,0
DA:9,0
DA:10,0
LF:3
LH:0
BRDA:13,0,0,0
BRDA:13,0,1,0
BRF:2
BRH:0
end_of_record
TN:
SF:src/components/CustomSelect.jsx
FN:18,(anonymous_0)
FN:38,(anonymous_1)
FN:42,(anonymous_2)
FN:47,(anonymous_3)
FN:53,(anonymous_4)
FN:55,(anonymous_5)
FN:60,(anonymous_6)
FN:82,(anonymous_7)
FN:86,(anonymous_8)
FNF:9
FNH:0
FNDA:0,(anonymous_0)
FNDA:0,(anonymous_1)
FNDA:0,(anonymous_2)
FNDA:0,(anonymous_3)
FNDA:0,(anonymous_4)
FNDA:0,(anonymous_5)
FNDA:0,(anonymous_6)
FNDA:0,(anonymous_7)
FNDA:0,(anonymous_8)
DA:18,0
DA:19,0
DA:20,0
DA:22,0
DA:38,0
DA:39,0
DA:42,0
DA:43,0
DA:44,0
DA:47,0
DA:48,0
DA:49,0
DA:53,0
DA:54,0
DA:55,0
DA:56,0
DA:60,0
DA:62,0
DA:83,0
DA:86,0
LF:20
LH:0
BRDA:48,0,0,0
BRDA:48,0,1,0
BRDA:48,1,0,0
BRDA:48,1,1,0
BRDA:71,2,0,0
BRDA:71,2,1,0
BRDA:72,3,0,0
BRDA:72,3,1,0
BRDA:75,4,0,0
BRDA:75,4,1,0
BRDA:80,5,0,0
BRDA:80,5,1,0
BRF:12
BRH:0
end_of_record
TN:
SF:src/components/Nav.jsx
FN:16,Nav
FN:21,(anonymous_1)
FNF:2
FNH:0
FNDA:0,Nav
FNDA:0,(anonymous_1)
DA:17,0
DA:21,0
LF:2
LH:0
BRDA:22,0,0,0
BRDA:22,0,1,0
BRDA:23,1,0,0
BRDA:23,1,1,0
BRDA:24,2,0,0
BRDA:24,2,1,0
BRDA:25,3,0,0
BRDA:25,3,1,0
BRF:8
BRH:0
end_of_record
TN:
SF:src/components/Preview.jsx
FN:22,Preview
FN:28,(anonymous_1)
FN:29,(anonymous_2)
FN:43,(anonymous_3)
FN:44,(anonymous_4)
FN:58,(anonymous_5)
FN:64,(anonymous_6)
FN:93,(anonymous_7)
FNF:8
FNH:0
FNDA:0,Preview
FNDA:0,(anonymous_1)
FNDA:0,(anonymous_2)
FNDA:0,(anonymous_3)
FNDA:0,(anonymous_4)
FNDA:0,(anonymous_5)
FNDA:0,(anonymous_6)
FNDA:0,(anonymous_7)
DA:23,0
DA:24,0
DA:25,0
DA:26,0
DA:28,0
DA:29,0
DA:30,0
DA:31,0
DA:32,0
DA:34,0
DA:35,0
DA:36,0
DA:40,0
DA:43,0
DA:44,0
DA:45,0
DA:46,0
DA:47,0
DA:49,0
DA:50,0
DA:51,0
DA:55,0
DA:58,0
DA:59,0
DA:60,0
DA:64,0
DA:65,0
DA:66,0
DA:67,0
DA:68,0
DA:70,0
DA:73,0
DA:94,0
DA:98,0
DA:100,0
DA:101,0
DA:102,0
DA:104,0
DA:105,0
DA:106,0
DA:108,0
DA:109,0
DA:110,0
DA:112,0
DA:113,0
DA:114,0
DA:116,0
DA:117,0
DA:118,0
DA:120,0
DA:121,0
DA:122,0
DA:124,0
DA:125,0
DA:126,0
DA:128,0
DA:129,0
DA:130,0
DA:132,0
DA:133,0
DA:134,0
DA:136,0
DA:137,0
DA:138,0
DA:140,0
DA:141,0
DA:142,0
DA:144,0
DA:145,0
DA:146,0
DA:148,0
DA:149,0
DA:150,0
DA:152,0
DA:153,0
DA:154,0
DA:157,0
DA:158,0
DA:174,0
LF:79
LH:0
BRDA:81,0,0,0
BRDA:81,0,1,0
BRDA:81,0,2,0
BRDA:85,1,0,0
BRDA:85,1,1,0
BRDA:92,2,0,0
BRDA:92,2,1,0
BRDA:94,3,0,0
BRDA:94,3,1,0
BRDA:98,4,0,0
BRDA:98,4,1,0
BRDA:98,4,2,0
BRDA:98,4,3,0
BRDA:98,4,4,0
BRDA:98,4,5,0
BRDA:98,4,6,0
BRDA:98,4,7,0
BRDA:98,4,8,0
BRDA:98,4,9,0
BRDA:98,4,10,0
BRDA:98,4,11,0
BRDA:98,4,12,0
BRDA:98,4,13,0
BRDA:157,5,0,0
BRDA:157,5,1,0
BRDA:157,6,0,0
BRDA:157,6,1,0
BRF:27
BRH:0
end_of_record
TN:
SF:src/components/ProfilePage.jsx
FN:22,ProfilePage
FN:37,(anonymous_1)
FN:38,(anonymous_2)
FN:50,(anonymous_3)
FN:92,(anonymous_4)
FN:95,(anonymous_5)
FN:101,(anonymous_6)
FN:102,(anonymous_7)
FN:114,(anonymous_8)
FN:130,(anonymous_9)
FNF:10
FNH:0
FNDA:0,ProfilePage
FNDA:0,(anonymous_1)
FNDA:0,(anonymous_2)
FNDA:0,(anonymous_3)
FNDA:0,(anonymous_4)
FNDA:0,(anonymous_5)
FNDA:0,(anonymous_6)
FNDA:0,(anonymous_7)
FNDA:0,(anonymous_8)
FNDA:0,(anonymous_9)
DA:23,0
DA:24,0
DA:31,0
DA:32,0
DA:33,0
DA:34,0
DA:35,0
DA:37,0
DA:38,0
DA:39,0
DA:40,0
DA:41,0
DA:43,0
DA:47,0
DA:50,0
DA:51,0
DA:53,0
DA:55,0
DA:56,0
DA:57,0
DA:59,0
DA:62,0
DA:63,0
DA:64,0
DA:66,0
DA:69,0
DA:70,0
DA:71,0
DA:73,0
DA:76,0
DA:77,0
DA:78,0
DA:79,0
DA:85,0
DA:87,0
DA:92,0
DA:93,0
DA:94,0
DA:95,0
DA:101,0
DA:102,0
DA:103,0
DA:104,0
DA:105,0
DA:107,0
DA:110,0
DA:114,0
DA:115,0
DA:116,0
DA:117,0
DA:118,0
DA:120,0
DA:123,0
DA:131,0
LF:54
LH:0
BRDA:55,0,0,0
BRDA:55,0,1,0
BRDA:62,1,0,0
BRDA:62,1,1,0
BRDA:69,2,0,0
BRDA:69,2,1,0
BRDA:76,3,0,0
BRDA:76,3,1,0
BRDA:94,4,0,0
BRDA:94,4,1,0
BRDA:127,5,0,0
BRDA:127,5,1,0
BRDA:128,6,0,0
BRDA:128,6,1,0
BRDA:128,7,0,0
BRDA:128,7,1,0
BRDA:129,8,0,0
BRDA:129,8,1,0
BRDA:130,9,0,0
BRDA:130,9,1,0
BRDA:130,10,0,0
BRDA:130,10,1,0
BRDA:132,11,0,0
BRDA:132,11,1,0
BRDA:140,12,0,0
BRDA:140,12,1,0
BRDA:148,13,0,0
BRDA:148,13,1,0
BRDA:156,14,0,0
BRDA:156,14,1,0
BRDA:164,15,0,0
BRDA:164,15,1,0
BRDA:172,16,0,0
BRDA:172,16,1,0
BRDA:180,17,0,0
BRDA:180,17,1,0
BRDA:188,18,0,0
BRDA:188,18,1,0
BRDA:196,19,0,0
BRDA:196,19,1,0
BRDA:204,20,0,0
BRDA:204,20,1,0
BRDA:212,21,0,0
BRDA:212,21,1,0
BRDA:220,22,0,0
BRDA:220,22,1,0
BRDA:228,23,0,0
BRDA:228,23,1,0
BRDA:247,24,0,0
BRDA:247,24,1,0
BRDA:254,25,0,0
BRDA:254,25,1,0
BRDA:255,26,0,0
BRDA:255,26,1,0
BRDA:256,27,0,0
BRDA:256,27,1,0
BRDA:259,28,0,0
BRDA:259,28,1,0
BRDA:260,29,0,0
BRDA:260,29,1,0
BRDA:261,30,0,0
BRDA:261,30,1,0
BRDA:264,31,0,0
BRDA:264,31,1,0
BRDA:265,32,0,0
BRDA:265,32,1,0
BRDA:266,33,0,0
BRDA:266,33,1,0
BRF:68
BRH:0
end_of_record
TN:
SF:src/components/Register.jsx
FN:27,(anonymous_0)
FN:36,(anonymous_1)
FN:40,(anonymous_2)
FNF:3
FNH:3
FNDA:2,(anonymous_0)
FNDA:1,(anonymous_1)
FNDA:8,(anonymous_2)
DA:10,1
DA:27,1
DA:28,2
DA:30,2
DA:37,1
DA:41,8
LF:6
LH:6
BRDA:56,0,0,0
BRDA:56,0,1,8
BRDA:56,1,0,8
BRDA:56,1,1,3
BRDA:79,2,0,0
BRDA:79,2,1,8
BRDA:79,3,0,8
BRDA:79,3,1,3
BRDA:102,4,0,0
BRDA:102,4,1,8
BRDA:102,5,0,8
BRDA:102,5,1,3
BRF:12
BRH:9
end_of_record
TN:
SF:src/components/ViewUser.jsx
FN:21,ViewUser
FN:27,(anonymous_1)
FN:28,(anonymous_2)
FN:40,(anonymous_3)
FN:41,(anonymous_4)
FN:53,(anonymous_5)
FN:78,(anonymous_6)
FNF:7
FNH:0
FNDA:0,ViewUser
FNDA:0,(anonymous_1)
FNDA:0,(anonymous_2)
FNDA:0,(anonymous_3)
FNDA:0,(anonymous_4)
FNDA:0,(anonymous_5)
FNDA:0,(anonymous_6)
DA:22,0
DA:23,0
DA:24,0
DA:25,0
DA:27,0
DA:28,0
DA:29,0
DA:30,0
DA:31,0
DA:33,0
DA:37,0
DA:40,0
DA:41,0
DA:42,0
DA:43,0
DA:44,0
DA:46,0
DA:50,0
DA:53,0
DA:54,0
DA:55,0
DA:56,0
DA:57,0
DA:59,0
DA:62,0
DA:81,0
DA:83,0
DA:84,0
DA:85,0
DA:87,0
DA:88,0
DA:89,0
DA:91,0
DA:92,0
DA:93,0
DA:95,0
DA:96,0
DA:97,0
DA:99,0
DA:100,0
DA:101,0
DA:103,0
DA:104,0
DA:105,0
DA:107,0
DA:108,0
DA:109,0
DA:111,0
DA:112,0
DA:113,0
DA:115,0
DA:116,0
DA:117,0
DA:119,0
DA:120,0
DA:121,0
DA:123,0
DA:124,0
DA:125,0
DA:127,0
DA:128,0
DA:129,0
DA:131,0
DA:132,0
DA:133,0
DA:135,0
DA:136,0
DA:137,0
DA:139,0
DA:140,0
DA:141,0
DA:143,0
DA:144,0
DA:145,0
DA:147,0
DA:148,0
DA:149,0
DA:151,0
DA:152,0
DA:153,0
DA:155,0
DA:156,0
DA:157,0
DA:159,0
DA:160,0
DA:161,0
DA:163,0
DA:164,0
DA:165,0
DA:168,0
DA:169,0
DA:185,0
LF:92
LH:0
BRDA:66,0,0,0
BRDA:66,0,1,0
BRDA:66,0,2,0
BRDA:70,1,0,0
BRDA:70,1,1,0
BRDA:77,2,0,0
BRDA:77,2,1,0
BRDA:81,3,0,0
BRDA:81,3,1,0
BRDA:81,3,2,0
BRDA:81,3,3,0
BRDA:81,3,4,0
BRDA:81,3,5,0
BRDA:81,3,6,0
BRDA:81,3,7,0
BRDA:81,3,8,0
BRDA:81,3,9,0
BRDA:81,3,10,0
BRDA:81,3,11,0
BRDA:81,3,12,0
BRDA:81,3,13,0
BRDA:81,3,14,0
BRDA:81,3,15,0
BRDA:81,3,16,0
BRDA:81,3,17,0
BRDA:81,3,18,0
BRDA:81,3,19,0
BRDA:81,3,20,0
BRDA:168,4,0,0
BRDA:168,4,1,0
BRF:30
BRH:0
end_of_record
TN:
SF:src/components/login.jsx
FN:8,Login
FN:11,(anonymous_1)
FN:21,(anonymous_2)
FN:46,(anonymous_3)
FN:55,(anonymous_4)
FNF:5
FNH:0
FNDA:0,Login
FNDA:0,(anonymous_1)
FNDA:0,(anonymous_2)
FNDA:0,(anonymous_3)
FNDA:0,(anonymous_4)
DA:9,0
DA:10,0
DA:11,0
DA:13,0
DA:18,0
DA:19,0
DA:21,0
DA:22,0
DA:23,0
DA:24,0
DA:25,0
DA:26,0
DA:28,0
DA:30,0
DA:31,0
DA:32,0
DA:34,0
DA:36,0
DA:37,0
DA:38,0
DA:39,0
DA:41,0
DA:46,0
DA:47,0
DA:48,0
DA:49,0
DA:51,0
DA:55,0
DA:56,0
DA:57,0
DA:60,0
LF:31
LH:0
BRDA:24,0,0,0
BRDA:24,0,1,0
BRDA:30,1,0,0
BRDA:30,1,1,0
BRDA:36,2,0,0
BRDA:36,2,1,0
BRDA:48,3,0,0
BRDA:48,3,1,0
BRDA:70,4,0,0
BRDA:70,4,1,0
BRDA:72,5,0,0
BRDA:72,5,1,0
BRDA:79,6,0,0
BRDA:79,6,1,0
BRDA:80,7,0,0
BRDA:80,7,1,0
BRDA:83,8,0,0
BRDA:83,8,1,0
BRDA:83,9,0,0
BRDA:83,9,1,0
BRDA:85,10,0,0
BRDA:85,10,1,0
BRDA:85,11,0,0
BRDA:85,11,1,0
BRDA:92,12,0,0
BRDA:92,12,1,0
BRDA:93,13,0,0
BRDA:93,13,1,0
BRDA:94,14,0,0
BRDA:94,14,1,0
BRDA:95,15,0,0
BRDA:95,15,1,0
BRF:32
BRH:0
end_of_record
TN:
SF:src/features/rootReducer.js
FNF:0
FNH:0
DA:5,0
LF:1
LH:0
BRF:0
BRH:0
end_of_record
TN:
SF:src/features/links/linksSlice.js
FN:5,(anonymous_0)
FN:22,(anonymous_1)
FN:45,(anonymous_2)
FN:84,(anonymous_3)
FN:88,(anonymous_4)
FN:91,(anonymous_5)
FNF:6
FNH:0
FNDA:0,(anonymous_0)
FNDA:0,(anonymous_1)
FNDA:0,(anonymous_2)
FNDA:0,(anonymous_3)
FNDA:0,(anonymous_4)
FNDA:0,(anonymous_5)
DA:3,0
DA:6,0
DA:7,0
DA:8,0
DA:9,0
DA:10,0
DA:12,0
DA:13,0
DA:15,0
DA:20,0
DA:23,0
DA:24,0
DA:29,0
DA:30,0
DA:31,0
DA:33,0
DA:34,0
DA:37,0
DA:38,0
DA:39,0
DA:43,0
DA:46,0
DA:47,0
DA:48,0
DA:49,0
DA:57,0
DA:58,0
DA:59,0
DA:61,0
DA:62,0
DA:64,0
DA:65,0
DA:66,0
DA:68,0
DA:69,0
DA:74,0
DA:80,0
DA:85,0
DA:86,0
DA:89,0
DA:92,0
DA:93,0
DA:98,0
LF:43
LH:0
BRDA:8,0,0,0
BRDA:8,0,1,0
BRDA:10,1,0,0
BRDA:10,1,1,0
BRDA:29,2,0,0
BRDA:29,2,1,0
BRDA:30,3,0,0
BRDA:30,3,1,0
BRDA:34,4,0,0
BRDA:34,4,1,0
BRDA:57,5,0,0
BRDA:57,5,1,0
BRDA:58,6,0,0
BRDA:58,6,1,0
BRDA:62,7,0,0
BRDA:62,7,1,0
BRF:16
BRH:0
end_of_record
TN:
SF:src/features/user/userSlice.js
FN:5,(anonymous_0)
FN:22,(anonymous_1)
FN:43,(anonymous_2)
FN:69,(anonymous_3)
FN:106,(anonymous_4)
FN:158,(anonymous_5)
FN:162,(anonymous_6)
FN:165,(anonymous_7)
FN:169,(anonymous_8)
FN:173,(anonymous_9)
FN:176,(anonymous_10)
FN:180,(anonymous_11)
FN:184,(anonymous_12)
FN:187,(anonymous_13)
FNF:14
FNH:0
FNDA:0,(anonymous_0)
FNDA:0,(anonymous_1)
FNDA:0,(anonymous_2)
FNDA:0,(anonymous_3)
FNDA:0,(anonymous_4)
FNDA:0,(anonymous_5)
FNDA:0,(anonymous_6)
FNDA:0,(anonymous_7)
FNDA:0,(anonymous_8)
FNDA:0,(anonymous_9)
FNDA:0,(anonymous_10)
FNDA:0,(anonymous_11)
FNDA:0,(anonymous_12)
FNDA:0,(anonymous_13)
DA:3,1
DA:6,0
DA:7,0
DA:8,0
DA:9,0
DA:10,0
DA:12,0
DA:13,0
DA:15,0
DA:20,1
DA:23,0
DA:24,0
DA:29,0
DA:30,0
DA:31,0
DA:33,0
DA:34,0
DA:36,0
DA:37,0
DA:41,1
DA:44,0
DA:45,0
DA:47,0
DA:54,0
DA:55,0
DA:56,0
DA:58,0
DA:59,0
DA:61,0
DA:62,0
DA:67,1
DA:70,0
DA:71,0
DA:73,0
DA:81,0
DA:82,0
DA:83,0
DA:86,0
DA:87,0
DA:88,0
DA:91,0
DA:93,0
DA:95,0
DA:96,0
DA:98,0
DA:99,0
DA:104,1
DA:107,0
DA:108,0
DA:110,0
DA:112,0
DA:114,0
DA:115,0
DA:119,0
DA:120,0
DA:121,0
DA:123,0
DA:132,0
DA:133,0
DA:134,0
DA:136,0
DA:137,0
DA:140,0
DA:141,0
DA:144,0
DA:149,1
DA:154,1
DA:159,0
DA:160,0
DA:163,0
DA:166,0
DA:167,0
DA:170,0
DA:171,0
DA:174,0
DA:177,0
DA:178,0
DA:181,0
DA:182,0
DA:185,0
DA:188,0
DA:189,0
DA:194,1
LF:83
LH:8
BRDA:8,0,0,0
BRDA:8,0,1,0
BRDA:10,1,0,0
BRDA:10,1,1,0
BRDA:29,2,0,0
BRDA:29,2,1,0
BRDA:30,3,0,0
BRDA:30,3,1,0
BRDA:34,4,0,0
BRDA:34,4,1,0
BRDA:54,5,0,0
BRDA:54,5,1,0
BRDA:56,6,0,0
BRDA:56,6,1,0
BRDA:81,7,0,0
BRDA:81,7,1,0
BRDA:86,8,0,0
BRDA:86,8,1,0
BRDA:88,9,0,0
BRDA:88,9,1,0
BRDA:114,10,0,0
BRDA:114,10,1,0
BRDA:132,11,0,0
BRDA:132,11,1,0
BRDA:133,12,0,0
BRDA:133,12,1,0
BRDA:137,13,0,0
BRDA:137,13,1,0
BRF:28
BRH:0
end_of_record
